2025-11-06 12:42:16,450 - INFO - Successfully connected to MongoDB Atlas: cluster0.qrc4kkf.mongodb.net
2025-11-06 12:42:16,451 - INFO - Using database: movies_nosql, collection: tmdb_movies
2025-11-06 12:42:23,203 - ERROR - Password verification error: Invalid salt
2025-11-06 12:42:29,812 - ERROR - Password verification error: Invalid salt
2025-11-06 12:42:49,994 - ERROR - Password verification error: Invalid salt
2025-11-06 12:46:29,632 - INFO - Successfully connected to MongoDB Atlas: cluster0.qrc4kkf.mongodb.net
2025-11-06 12:46:29,633 - INFO - Using database: movies_nosql, collection: tmdb_movies
2025-11-06 12:46:45,811 - INFO - User 676 added movie 603 to watchlist
2025-11-06 12:48:56,156 - INFO - Successfully connected to MongoDB Atlas: cluster0.qrc4kkf.mongodb.net
2025-11-06 12:48:56,156 - INFO - Using database: movies_nosql, collection: tmdb_movies
2025-11-06 12:49:50,269 - INFO - User 676 added movie 605 to watchlist
2025-11-06 12:51:04,069 - INFO - Successfully connected to MongoDB Atlas: cluster0.qrc4kkf.mongodb.net
2025-11-06 12:51:04,069 - INFO - Using database: movies_nosql, collection: tmdb_movies
2025-11-06 12:52:30,464 - INFO - Successfully connected to MongoDB Atlas: cluster0.qrc4kkf.mongodb.net
2025-11-06 12:52:30,464 - INFO - Using database: movies_nosql, collection: tmdb_movies
2025-11-06 12:57:06,875 - INFO - Successfully connected to MongoDB Atlas: cluster0.qrc4kkf.mongodb.net
2025-11-06 12:57:06,875 - INFO - Using database: movies_nosql, collection: tmdb_movies
2025-11-06 17:39:19,166 - INFO - Successfully connected to MongoDB Atlas: cluster0.qrc4kkf.mongodb.net
2025-11-06 17:39:19,168 - INFO - Using database: movies_nosql, collection: tmdb_movies
2025-11-06 17:42:20,497 - INFO - Successfully connected to MongoDB Atlas: cluster0.qrc4kkf.mongodb.net
2025-11-06 17:42:20,498 - INFO - Using database: movies_nosql, collection: tmdb_movies
2025-11-06 17:45:21,501 - INFO - Successfully connected to MongoDB Atlas: cluster0.qrc4kkf.mongodb.net
2025-11-06 17:45:21,504 - INFO - Using database: movies_nosql, collection: tmdb_movies
2025-11-06 17:45:36,856 - INFO - Successfully connected to MongoDB Atlas: cluster0.qrc4kkf.mongodb.net
2025-11-06 17:45:36,856 - INFO - Using database: movies_nosql, collection: tmdb_movies
2025-11-06 18:27:39,067 - INFO - Successfully connected to MongoDB Atlas: cluster0.qrc4kkf.mongodb.net
2025-11-06 18:27:39,068 - INFO - Using database: movies_nosql, collection: tmdb_movies
2025-11-06 23:13:12,968 - INFO - Successfully connected to MongoDB Atlas: cluster0.qrc4kkf.mongodb.net
2025-11-06 23:13:12,969 - INFO - Using database: movies_nosql, collection: tmdb_movies
2025-11-07 00:03:41,469 - INFO - Successfully connected to MongoDB Atlas: cluster0.qrc4kkf.mongodb.net
2025-11-07 00:03:41,469 - INFO - Using database: movies_nosql, collection: tmdb_movies
2025-11-07 00:07:23,381 - INFO - Successfully connected to MongoDB Atlas: cluster0.qrc4kkf.mongodb.net
2025-11-07 00:07:23,382 - INFO - Using database: movies_nosql, collection: tmdb_movies
2025-11-07 00:25:15,179 - INFO - Successfully connected to MongoDB Atlas: cluster0.qrc4kkf.mongodb.net
2025-11-07 00:25:15,179 - INFO - Using database: movies_nosql, collection: tmdb_movies
2025-11-07 00:25:42,639 - INFO - Successfully connected to MongoDB Atlas: cluster0.qrc4kkf.mongodb.net
2025-11-07 00:25:42,640 - INFO - Using database: movies_nosql, collection: tmdb_movies
2025-11-07 00:30:48,312 - INFO - Successfully connected to MongoDB Atlas: cluster0.qrc4kkf.mongodb.net
2025-11-07 00:30:48,313 - INFO - Using database: movies_nosql, collection: tmdb_movies
2025-11-07 12:33:28,586 - INFO - Successfully connected to MongoDB Atlas: cluster0.qrc4kkf.mongodb.net
2025-11-07 12:33:28,586 - INFO - Using database: movies_nosql, collection: tmdb_movies
2025-11-07 12:33:42,970 - INFO - User 676 added movie 2764 to watchlist
2025-11-09 00:59:42,276 - INFO - Successfully connected to MongoDB Atlas: cluster0.qrc4kkf.mongodb.net
2025-11-09 00:59:42,277 - INFO - Using database: movies_nosql, collection: tmdb_movies
2025-11-12 09:52:52,415 - INFO - Successfully connected to MongoDB Atlas: cluster0.qrc4kkf.mongodb.net
2025-11-12 09:52:52,415 - INFO - Using database: movies_nosql, collection: tmdb_movies
2025-11-12 09:55:54,578 - INFO - Successfully connected to MongoDB Atlas: cluster0.qrc4kkf.mongodb.net
2025-11-12 09:55:54,579 - INFO - Using database: movies_nosql, collection: tmdb_movies
2025-11-12 09:56:05,244 - INFO - Successfully connected to MongoDB Atlas: cluster0.qrc4kkf.mongodb.net
2025-11-12 09:56:05,246 - INFO - Using database: movies_nosql, collection: tmdb_movies
2025-11-12 10:32:14,276 - INFO - Successfully connected to MongoDB Atlas: cluster0.qrc4kkf.mongodb.net
2025-11-12 10:32:14,277 - INFO - Using database: movies_nosql, collection: tmdb_movies
2025-11-12 10:32:14,281 - INFO - [LOCK ACQUIRED] User 'admin' locked rating (userId=1, movieId=1)
2025-11-12 10:32:14,308 - INFO - [LOCK RELEASED] Rating unlocked (userId=1, movieId=1)
2025-11-12 10:32:14,338 - INFO - [LOCK ACQUIRED] User 'testuser' locked rating (userId=2, movieId=1)
2025-11-12 10:32:14,339 - INFO - [LOCK RELEASED] Rating unlocked (userId=2, movieId=1)
2025-11-12 10:35:18,932 - INFO - Successfully connected to MongoDB Atlas: cluster0.qrc4kkf.mongodb.net
2025-11-12 10:35:18,932 - INFO - Using database: movies_nosql, collection: tmdb_movies
2025-11-12 10:35:52,318 - INFO - Successfully connected to MongoDB Atlas: cluster0.qrc4kkf.mongodb.net
2025-11-12 10:35:52,318 - INFO - Using database: movies_nosql, collection: tmdb_movies
2025-11-12 10:36:37,833 - INFO - [LOCK ACQUIRED] User 'keetian' locked rating (userId=676, movieId=201)
2025-11-12 10:36:37,879 - INFO - [TRANSACTION BEGIN] Updating rating for userId=676, movieId=201
2025-11-12 10:36:37,880 - INFO - [TRANSACTION] Deleted 0 old rating(s)
2025-11-12 10:36:37,881 - INFO - [TRANSACTION] Inserted new rating: 5.0
2025-11-12 10:36:37,882 - INFO - [TRANSACTION] Verification passed: rating=5.0
2025-11-12 10:36:37,882 - INFO - [TRANSACTION COMMIT] Rating update successful
2025-11-12 10:36:39,366 - INFO - [LOCK RELEASED] Rating unlocked (userId=676, movieId=201)
2025-11-12 10:36:39,910 - INFO - [LOCK ACQUIRED] User 'johntan' locked rating (userId=677, movieId=201)
2025-11-12 10:36:39,920 - INFO - [TRANSACTION BEGIN] Updating rating for userId=677, movieId=201
2025-11-12 10:36:39,921 - INFO - [TRANSACTION] Deleted 0 old rating(s)
2025-11-12 10:36:39,921 - INFO - [TRANSACTION] Inserted new rating: 4.0
2025-11-12 10:36:39,921 - INFO - [TRANSACTION] Verification passed: rating=4.0
2025-11-12 10:36:39,921 - INFO - [TRANSACTION COMMIT] Rating update successful
2025-11-12 10:46:20,424 - INFO - Successfully connected to MongoDB Atlas: cluster0.qrc4kkf.mongodb.net
2025-11-12 10:46:20,424 - INFO - Using database: movies_nosql, collection: tmdb_movies
2025-11-12 10:53:20,340 - INFO - Successfully connected to MongoDB Atlas: cluster0.qrc4kkf.mongodb.net
2025-11-12 10:53:20,341 - INFO - Using database: movies_nosql, collection: tmdb_movies
2025-11-12 10:54:02,999 - INFO - Successfully connected to MongoDB Atlas: cluster0.qrc4kkf.mongodb.net
2025-11-12 10:54:02,999 - INFO - Using database: movies_nosql, collection: tmdb_movies
2025-11-12 10:57:45,318 - INFO - Successfully connected to MongoDB Atlas: cluster0.qrc4kkf.mongodb.net
2025-11-12 10:57:45,319 - INFO - Using database: movies_nosql, collection: tmdb_movies
2025-11-12 11:01:35,977 - INFO - Successfully connected to MongoDB Atlas: cluster0.qrc4kkf.mongodb.net
2025-11-12 11:01:35,978 - INFO - Using database: movies_nosql, collection: tmdb_movies
2025-11-12 11:10:57,228 - INFO - Successfully connected to MongoDB Atlas: cluster0.qrc4kkf.mongodb.net
2025-11-12 11:10:57,229 - INFO - Using database: movies_nosql, collection: tmdb_movies
2025-11-12 11:14:30,749 - INFO - Successfully connected to MongoDB Atlas: cluster0.qrc4kkf.mongodb.net
2025-11-12 11:14:30,749 - INFO - Using database: movies_nosql, collection: tmdb_movies
2025-11-12 11:14:40,246 - INFO - [DIALOG] Clearing screen - 0 widgets to destroy
2025-11-12 11:14:40,246 - INFO - [DIALOG] Screen cleared
2025-11-12 11:15:56,969 - INFO - Successfully connected to MongoDB Atlas: cluster0.qrc4kkf.mongodb.net
2025-11-12 11:15:56,969 - INFO - Using database: movies_nosql, collection: tmdb_movies
2025-11-12 11:16:04,243 - INFO - [DIALOG] Clearing screen - 0 widgets to destroy
2025-11-12 11:16:04,243 - INFO - [DIALOG] Screen cleared
2025-11-12 11:16:33,382 - INFO - Successfully connected to MongoDB Atlas: cluster0.qrc4kkf.mongodb.net
2025-11-12 11:16:33,382 - INFO - Using database: movies_nosql, collection: tmdb_movies
2025-11-12 11:16:40,389 - INFO - [DIALOG] Clearing screen - 0 widgets to destroy
2025-11-12 11:16:40,390 - INFO - [DIALOG] Screen cleared
2025-11-12 11:18:23,297 - INFO - Successfully connected to MongoDB Atlas: cluster0.qrc4kkf.mongodb.net
2025-11-12 11:18:23,298 - INFO - Using database: movies_nosql, collection: tmdb_movies
2025-11-12 11:18:31,335 - INFO - [DIALOG] Clearing screen - 0 widgets to destroy
2025-11-12 11:18:31,336 - INFO - [DIALOG] Screen cleared
2025-11-12 11:22:20,010 - INFO - Successfully connected to MongoDB Atlas: cluster0.qrc4kkf.mongodb.net
2025-11-12 11:22:20,011 - INFO - Using database: movies_nosql, collection: tmdb_movies
2025-11-12 11:23:09,690 - INFO - [DIALOG] Clearing screen - 0 widgets to destroy
2025-11-12 11:23:09,691 - INFO - [DIALOG] Screen cleared
2025-11-12 11:24:33,207 - INFO - Successfully connected to MongoDB Atlas: cluster0.qrc4kkf.mongodb.net
2025-11-12 11:24:33,207 - INFO - Using database: movies_nosql, collection: tmdb_movies
2025-11-12 11:24:42,590 - INFO - [DIALOG] Clearing screen - 0 widgets to destroy
2025-11-12 11:24:42,591 - INFO - [DIALOG] Screen cleared
2025-11-12 11:25:12,901 - INFO - Successfully connected to MongoDB Atlas: cluster0.qrc4kkf.mongodb.net
2025-11-12 11:25:12,902 - INFO - Using database: movies_nosql, collection: tmdb_movies
2025-11-12 11:25:20,874 - INFO - [DIALOG] Clearing screen - 0 widgets to destroy
2025-11-12 11:25:20,874 - INFO - [DIALOG] Screen cleared
2025-11-12 11:27:26,918 - INFO - Successfully connected to MongoDB Atlas: cluster0.qrc4kkf.mongodb.net
2025-11-12 11:27:26,919 - INFO - Using database: movies_nosql, collection: tmdb_movies
2025-11-12 11:27:33,577 - INFO - [DIALOG] Clearing screen - 0 widgets to destroy
2025-11-12 11:27:33,578 - INFO - [DIALOG] Screen cleared
2025-11-12 11:27:52,103 - INFO - [DIALOG] Clearing screen - 0 widgets to destroy
2025-11-12 11:27:52,104 - INFO - [DIALOG] Screen cleared
2025-11-12 11:28:31,180 - INFO - Successfully connected to MongoDB Atlas: cluster0.qrc4kkf.mongodb.net
2025-11-12 11:28:31,181 - INFO - Using database: movies_nosql, collection: tmdb_movies
2025-11-12 11:28:37,188 - INFO - [DIALOG] Clearing screen - 0 widgets to destroy
2025-11-12 11:28:37,189 - INFO - [DIALOG] Screen cleared
2025-11-12 11:32:23,874 - INFO - Successfully connected to MongoDB Atlas: cluster0.qrc4kkf.mongodb.net
2025-11-12 11:32:23,874 - INFO - Using database: movies_nosql, collection: tmdb_movies
2025-11-12 11:32:30,134 - INFO - [DIALOG] Clearing screen - 0 widgets to destroy
2025-11-12 11:32:30,135 - INFO - [DIALOG] Screen cleared
2025-11-12 11:32:54,317 - INFO - Successfully connected to MongoDB Atlas: cluster0.qrc4kkf.mongodb.net
2025-11-12 11:32:54,318 - INFO - Using database: movies_nosql, collection: tmdb_movies
2025-11-12 11:33:03,080 - INFO - [DIALOG] Clearing screen - 0 widgets to destroy
2025-11-12 11:33:03,080 - INFO - [DIALOG] Screen cleared
2025-11-12 11:34:18,188 - INFO - Successfully connected to MongoDB Atlas: cluster0.qrc4kkf.mongodb.net
2025-11-12 11:34:18,188 - INFO - Using database: movies_nosql, collection: tmdb_movies
2025-11-12 11:34:32,113 - INFO - [DIALOG] Clearing screen - 0 widgets to destroy
2025-11-12 11:34:32,114 - INFO - [DIALOG] Screen cleared
2025-11-12 11:36:29,442 - INFO - Successfully connected to MongoDB Atlas: cluster0.qrc4kkf.mongodb.net
2025-11-12 11:36:29,442 - INFO - Using database: movies_nosql, collection: tmdb_movies
2025-11-12 11:36:34,995 - INFO - [DIALOG] Clearing screen - 0 widgets to destroy
2025-11-12 11:36:34,996 - INFO - [DIALOG] Screen cleared
2025-11-12 11:47:00,846 - INFO - Successfully connected to MongoDB Atlas: cluster0.qrc4kkf.mongodb.net
2025-11-12 11:47:00,846 - INFO - Using database: movies_nosql, collection: tmdb_movies
2025-11-12 11:47:10,183 - INFO - [MAIN] Opening Rating Management - THREE POPUP SEQUENCE
2025-11-12 11:47:10,184 - INFO - [MAIN] POPUP 1: Action Selection
2025-11-12 11:47:10,215 - INFO - [POPUP 1] Action Selection Dialog opened for keetian
2025-11-12 11:48:42,498 - INFO - [MAIN] POPUP 1 Result: None
2025-11-12 11:48:42,500 - INFO - [MAIN] User cancelled at action selection
2025-11-12 11:49:33,926 - INFO - Successfully connected to MongoDB Atlas: cluster0.qrc4kkf.mongodb.net
2025-11-12 11:49:33,926 - INFO - Using database: movies_nosql, collection: tmdb_movies
2025-11-12 11:49:41,596 - INFO - [MAIN] Opening Rating Management - THREE POPUP SEQUENCE
2025-11-12 11:49:41,596 - INFO - [MAIN] POPUP 1: Action Selection
2025-11-12 11:49:41,629 - INFO - [POPUP 1] Action Selection Dialog opened for keetian
2025-11-12 11:49:45,709 - INFO - [MAIN] POPUP 1 Result: None
2025-11-12 11:49:45,710 - INFO - [MAIN] User cancelled at action selection
2025-11-12 11:49:47,615 - INFO - [MAIN] Opening Rating Management - THREE POPUP SEQUENCE
2025-11-12 11:49:47,616 - INFO - [MAIN] POPUP 1: Action Selection
2025-11-12 11:49:47,643 - INFO - [POPUP 1] Action Selection Dialog opened for keetian
2025-11-12 11:50:52,950 - INFO - [MAIN] POPUP 1 Result: None
2025-11-12 11:50:52,951 - INFO - [MAIN] User cancelled at action selection
2025-11-12 11:52:38,307 - INFO - Successfully connected to MongoDB Atlas: cluster0.qrc4kkf.mongodb.net
2025-11-12 11:52:38,307 - INFO - Using database: movies_nosql, collection: tmdb_movies
2025-11-12 11:53:01,498 - INFO - [MAIN] Opening Rating Management - THREE POPUP SEQUENCE
2025-11-12 11:53:01,499 - INFO - [MAIN] POPUP 1: Action Selection
2025-11-12 11:53:01,529 - INFO - [POPUP 1] Action Selection Dialog opened for keetian
2025-11-12 11:53:04,141 - INFO - [POPUP 1] Action selected: add
2025-11-12 11:53:04,177 - INFO - [MAIN] POPUP 1 Result: add
2025-11-12 11:53:04,179 - INFO - [MAIN] POPUP 2: Movie Selection for action=add
2025-11-12 11:53:04,214 - INFO - [POPUP 2] Movie Selection Dialog opened for keetian, action=add
2025-11-12 11:53:11,484 - INFO - [MAIN] POPUP 2 Result: movie_id=None, lock=False
2025-11-12 11:53:11,487 - INFO - [MAIN] User cancelled at movie selection or lock failed
2025-11-12 11:56:21,069 - INFO - Successfully connected to MongoDB Atlas: cluster0.qrc4kkf.mongodb.net
2025-11-12 11:56:21,070 - INFO - Using database: movies_nosql, collection: tmdb_movies
2025-11-12 11:56:24,473 - INFO - Successfully connected to MongoDB Atlas: cluster0.qrc4kkf.mongodb.net
2025-11-12 11:56:24,473 - INFO - Using database: movies_nosql, collection: tmdb_movies
2025-11-12 11:56:41,189 - INFO - [MAIN] Opening Rating Management - THREE POPUP SEQUENCE
2025-11-12 11:56:41,189 - INFO - [MAIN] POPUP 1: Action Selection
2025-11-12 11:56:41,228 - INFO - [POPUP 1] Action Selection Dialog opened for keetian
2025-11-12 11:56:42,880 - INFO - [POPUP 1] Action selected: add
2025-11-12 11:56:42,914 - INFO - [MAIN] POPUP 1 Result: add
2025-11-12 11:56:42,914 - INFO - [MAIN] POPUP 2: Movie Selection for action=add
2025-11-12 11:56:42,953 - INFO - [POPUP 2] Movie Selection Dialog opened for keetian, action=add
2025-11-12 11:56:46,546 - INFO - [MAIN] Opening Rating Management - THREE POPUP SEQUENCE
2025-11-12 11:56:46,549 - INFO - [MAIN] POPUP 1: Action Selection
2025-11-12 11:56:46,576 - INFO - [POPUP 1] Action Selection Dialog opened for johntan
2025-11-12 11:56:48,806 - INFO - [POPUP 1] Action selected: add
2025-11-12 11:56:48,832 - INFO - [MAIN] POPUP 1 Result: add
2025-11-12 11:56:48,832 - INFO - [MAIN] POPUP 2: Movie Selection for action=add
2025-11-12 11:56:48,847 - INFO - [POPUP 2] Movie Selection Dialog opened for johntan, action=add
2025-11-12 11:56:52,879 - INFO - [POPUP 2] Acquiring lock for userId=676, movieId=201
2025-11-12 11:56:52,879 - INFO - [LOCK ACQUIRED] User 'keetian' locked rating (userId=676, movieId=201)
2025-11-12 11:56:52,897 - INFO - [POPUP 2] ✅ Lock ACQUIRED: userId=676, movieId=201
2025-11-12 11:56:55,975 - INFO - [MAIN] POPUP 2 Result: movie_id=201, lock=True
2025-11-12 11:56:55,975 - INFO - [MAIN] POPUP 3: Rating Entry for movieId=201
2025-11-12 11:56:55,988 - INFO - [POPUP 3] Rating Entry Dialog opened for keetian, movieId=201
2025-11-12 11:56:58,344 - INFO - [POPUP 2] Acquiring lock for userId=677, movieId=201
2025-11-12 11:56:58,345 - INFO - [LOCK ACQUIRED] User 'johntan' locked rating (userId=677, movieId=201)
2025-11-12 11:56:58,348 - INFO - [POPUP 2] ✅ Lock ACQUIRED: userId=677, movieId=201
2025-11-12 11:57:07,570 - INFO - [MAIN] POPUP 2 Result: movie_id=201, lock=True
2025-11-12 11:57:07,570 - INFO - [MAIN] POPUP 3: Rating Entry for movieId=201
2025-11-12 11:57:07,586 - INFO - [POPUP 3] Rating Entry Dialog opened for johntan, movieId=201
2025-11-12 12:00:01,342 - INFO - Successfully connected to MongoDB Atlas: cluster0.qrc4kkf.mongodb.net
2025-11-12 12:00:01,342 - INFO - Using database: movies_nosql, collection: tmdb_movies
2025-11-12 12:01:01,615 - INFO - [MAIN] POPUP 3 Result: success=False, rating=None
2025-11-12 12:01:01,615 - INFO - [MAIN] THREE POPUP SEQUENCE COMPLETE
2025-11-12 12:01:01,615 - WARNING - [POPUP 2] Dialog destroyed with active lock - releasing lock
2025-11-12 12:01:01,615 - INFO - [LOCK RELEASED] Rating unlocked (userId=676, movieId=201)
2025-11-12 12:01:01,623 - WARNING - [POPUP 3] Dialog destroyed without commit - releasing lock
2025-11-12 12:01:01,623 - INFO - [LOCK RELEASED] Rating unlocked (userId=676, movieId=201)
2025-11-12 12:01:05,311 - INFO - [MAIN] POPUP 3 Result: success=False, rating=None
2025-11-12 12:01:05,312 - INFO - [MAIN] THREE POPUP SEQUENCE COMPLETE
2025-11-12 12:01:05,312 - WARNING - [POPUP 2] Dialog destroyed with active lock - releasing lock
2025-11-12 12:01:05,312 - INFO - [LOCK RELEASED] Rating unlocked (userId=677, movieId=201)
2025-11-12 12:01:05,313 - WARNING - [POPUP 3] Dialog destroyed without commit - releasing lock
2025-11-12 12:01:05,314 - INFO - [LOCK RELEASED] Rating unlocked (userId=677, movieId=201)
2025-11-12 12:02:39,486 - INFO - Successfully connected to MongoDB Atlas: cluster0.qrc4kkf.mongodb.net
2025-11-12 12:02:39,487 - INFO - Using database: movies_nosql, collection: tmdb_movies
2025-11-12 12:03:16,496 - INFO - [MAIN] Opening Rating Management - THREE POPUP SEQUENCE
2025-11-12 12:03:16,497 - INFO - [MAIN] POPUP 1: Action Selection
2025-11-12 12:03:16,541 - INFO - [POPUP 1] Action Selection Dialog opened for johntan
2025-11-12 12:03:17,098 - INFO - [MAIN] Opening Rating Management - THREE POPUP SEQUENCE
2025-11-12 12:03:17,098 - INFO - [MAIN] POPUP 1: Action Selection
2025-11-12 12:03:17,135 - INFO - [POPUP 1] Action Selection Dialog opened for keetian
2025-11-12 12:03:18,392 - INFO - [POPUP 1] Action selected: add
2025-11-12 12:03:18,429 - INFO - [MAIN] POPUP 1 Result: add
2025-11-12 12:03:18,429 - INFO - [MAIN] POPUP 2: Movie Selection for action=add
2025-11-12 12:03:18,468 - INFO - [POPUP 2] Movie Selection Dialog opened for keetian, action=add
2025-11-12 12:03:19,388 - INFO - [POPUP 1] Action selected: add
2025-11-12 12:03:19,417 - INFO - [MAIN] POPUP 1 Result: add
2025-11-12 12:03:19,417 - INFO - [MAIN] POPUP 2: Movie Selection for action=add
2025-11-12 12:03:19,433 - INFO - [POPUP 2] Movie Selection Dialog opened for johntan, action=add
2025-11-12 12:03:24,209 - INFO - [POPUP 2] Acquiring lock for userId=677, movieId=201
2025-11-12 12:03:24,210 - INFO - [LOCK ACQUIRED] User 'johntan' locked rating (userId=677, movieId=201)
2025-11-12 12:03:24,233 - INFO - [POPUP 2] ✅ Lock ACQUIRED: userId=677, movieId=201
2025-11-12 12:03:26,580 - INFO - [MAIN] POPUP 2 Result: movie_id=201, lock=True
2025-11-12 12:03:26,581 - INFO - [MAIN] POPUP 3: Rating Entry for movieId=201
2025-11-12 12:03:26,593 - INFO - [POPUP 3] Rating Entry Dialog opened for johntan, movieId=201
2025-11-12 12:04:01,491 - INFO - [POPUP 2] User keetian BLOCKED - rating locked by 'johntan'
2025-11-12 12:04:04,890 - INFO - [MAIN] POPUP 3 Result: success=False, rating=None
2025-11-12 12:04:04,893 - INFO - [MAIN] THREE POPUP SEQUENCE COMPLETE
2025-11-12 12:04:04,898 - WARNING - [POPUP 2] Dialog destroyed with active lock - releasing lock
2025-11-12 12:04:04,901 - INFO - [LOCK RELEASED] Rating unlocked (userId=677, movieId=201)
2025-11-12 12:04:04,909 - WARNING - [POPUP 3] Dialog destroyed without commit - releasing lock
2025-11-12 12:04:04,915 - INFO - [LOCK RELEASED] Rating unlocked (userId=677, movieId=201)
2025-11-12 12:04:06,221 - INFO - [POPUP 2] Acquiring lock for userId=676, movieId=201
2025-11-12 12:04:06,228 - INFO - [LOCK ACQUIRED] User 'keetian' locked rating (userId=676, movieId=201)
2025-11-12 12:04:06,258 - INFO - [POPUP 2] ✅ Lock ACQUIRED: userId=676, movieId=201
2025-11-12 12:04:07,479 - INFO - [MAIN] POPUP 2 Result: movie_id=201, lock=True
2025-11-12 12:04:07,480 - INFO - [MAIN] POPUP 3: Rating Entry for movieId=201
2025-11-12 12:04:07,488 - INFO - [POPUP 3] Rating Entry Dialog opened for keetian, movieId=201
2025-11-12 12:04:10,291 - INFO - [MAIN] POPUP 3 Result: success=False, rating=None
2025-11-12 12:04:10,293 - INFO - [MAIN] THREE POPUP SEQUENCE COMPLETE
2025-11-12 12:04:10,293 - WARNING - [POPUP 2] Dialog destroyed with active lock - releasing lock
2025-11-12 12:04:10,293 - INFO - [LOCK RELEASED] Rating unlocked (userId=676, movieId=201)
2025-11-12 12:04:10,296 - WARNING - [POPUP 3] Dialog destroyed without commit - releasing lock
2025-11-12 12:04:10,296 - INFO - [LOCK RELEASED] Rating unlocked (userId=676, movieId=201)
2025-11-12 12:04:11,390 - INFO - [MAIN] Opening Rating Management - THREE POPUP SEQUENCE
2025-11-12 12:04:11,403 - INFO - [MAIN] POPUP 1: Action Selection
2025-11-12 12:04:11,512 - INFO - [POPUP 1] Action Selection Dialog opened for keetian
2025-11-12 12:04:12,440 - INFO - [MAIN] Opening Rating Management - THREE POPUP SEQUENCE
2025-11-12 12:04:12,441 - INFO - [MAIN] POPUP 1: Action Selection
2025-11-12 12:04:12,454 - INFO - [POPUP 1] Action Selection Dialog opened for johntan
2025-11-12 12:04:14,343 - INFO - [POPUP 1] Action selected: delete
2025-11-12 12:04:14,360 - INFO - [MAIN] POPUP 1 Result: delete
2025-11-12 12:04:14,361 - INFO - [MAIN] POPUP 2: Movie Selection for action=delete
2025-11-12 12:04:14,371 - INFO - [POPUP 2] Movie Selection Dialog opened for johntan, action=delete
2025-11-12 12:04:17,947 - INFO - [POPUP 2] Acquiring lock for userId=677, movieId=201
2025-11-12 12:04:17,947 - INFO - [LOCK ACQUIRED] User 'johntan' locked rating (userId=677, movieId=201)
2025-11-12 12:04:17,963 - INFO - [POPUP 2] ✅ Lock ACQUIRED: userId=677, movieId=201
2025-11-12 12:04:19,680 - INFO - [MAIN] POPUP 2 Result: movie_id=201, lock=True
2025-11-12 12:04:19,681 - INFO - [MAIN] POPUP 3: Delete Confirmation for movieId=201
2025-11-12 12:04:19,698 - INFO - [POPUP 3 DELETE] Delete Confirm Dialog opened for johntan, movieId=201
2025-11-12 12:04:21,812 - INFO - [POPUP 1] Action selected: add
2025-11-12 12:04:21,832 - INFO - [MAIN] POPUP 1 Result: add
2025-11-12 12:04:21,832 - INFO - [MAIN] POPUP 2: Movie Selection for action=add
2025-11-12 12:04:21,846 - INFO - [POPUP 2] Movie Selection Dialog opened for keetian, action=add
2025-11-12 12:04:26,432 - INFO - [POPUP 2] User keetian BLOCKED - rating locked by 'johntan'
2025-11-12 12:04:27,391 - INFO - [POPUP 2] Movie selection cancelled
2025-11-12 12:04:27,409 - INFO - [MAIN] POPUP 2 Result: movie_id=None, lock=False
2025-11-12 12:04:27,410 - INFO - [MAIN] User cancelled at movie selection or lock failed
2025-11-12 12:04:28,151 - INFO - [MAIN] Opening Rating Management - THREE POPUP SEQUENCE
2025-11-12 12:04:28,151 - INFO - [MAIN] POPUP 1: Action Selection
2025-11-12 12:04:28,164 - INFO - [POPUP 1] Action Selection Dialog opened for keetian
2025-11-12 12:04:33,560 - INFO - [POPUP 1] Action selected: delete
2025-11-12 12:04:33,590 - INFO - [MAIN] POPUP 1 Result: delete
2025-11-12 12:04:33,590 - INFO - [MAIN] POPUP 2: Movie Selection for action=delete
2025-11-12 12:04:33,598 - INFO - [POPUP 2] Movie Selection Dialog opened for keetian, action=delete
2025-11-12 12:04:37,650 - INFO - [POPUP 2] User keetian BLOCKED - rating locked by 'johntan'
2025-11-12 12:04:38,418 - INFO - [POPUP 2] Movie selection cancelled
2025-11-12 12:04:38,451 - INFO - [MAIN] POPUP 2 Result: movie_id=None, lock=False
2025-11-12 12:04:38,452 - INFO - [MAIN] User cancelled at movie selection or lock failed
2025-11-12 12:05:21,159 - INFO - [MAIN] POPUP 3 DELETE Result: success=False
2025-11-12 12:05:21,160 - INFO - [MAIN] THREE POPUP SEQUENCE COMPLETE
2025-11-12 12:05:21,160 - WARNING - [POPUP 2] Dialog destroyed with active lock - releasing lock
2025-11-12 12:05:21,160 - INFO - [LOCK RELEASED] Rating unlocked (userId=677, movieId=201)
2025-11-12 12:05:21,161 - WARNING - [POPUP 3 DELETE] Dialog destroyed without commit - releasing lock
2025-11-12 12:05:21,162 - INFO - [LOCK RELEASED] Rating unlocked (userId=677, movieId=201)
2025-11-12 12:05:22,631 - INFO - [MAIN] Opening Rating Management - THREE POPUP SEQUENCE
2025-11-12 12:05:22,631 - INFO - [MAIN] POPUP 1: Action Selection
2025-11-12 12:05:22,644 - INFO - [POPUP 1] Action Selection Dialog opened for johntan
2025-11-12 12:05:24,653 - INFO - [POPUP 1] Action selected: delete
2025-11-12 12:05:24,678 - INFO - [MAIN] POPUP 1 Result: delete
2025-11-12 12:05:24,678 - INFO - [MAIN] POPUP 2: Movie Selection for action=delete
2025-11-12 12:05:24,688 - INFO - [POPUP 2] Movie Selection Dialog opened for johntan, action=delete
2025-11-12 12:05:26,667 - INFO - [POPUP 2] Acquiring lock for userId=677, movieId=201
2025-11-12 12:05:26,667 - INFO - [LOCK ACQUIRED] User 'johntan' locked rating (userId=677, movieId=201)
2025-11-12 12:05:26,671 - INFO - [POPUP 2] ✅ Lock ACQUIRED: userId=677, movieId=201
2025-11-12 12:05:27,772 - INFO - [MAIN] POPUP 2 Result: movie_id=201, lock=True
2025-11-12 12:05:27,772 - INFO - [MAIN] POPUP 3: Delete Confirmation for movieId=201
2025-11-12 12:05:27,779 - INFO - [POPUP 3 DELETE] Delete Confirm Dialog opened for johntan, movieId=201
2025-11-12 12:05:30,492 - INFO - [MAIN] POPUP 3 DELETE Result: success=False
2025-11-12 12:05:30,493 - INFO - [MAIN] THREE POPUP SEQUENCE COMPLETE
2025-11-12 12:05:30,493 - WARNING - [POPUP 2] Dialog destroyed with active lock - releasing lock
2025-11-12 12:05:30,493 - INFO - [LOCK RELEASED] Rating unlocked (userId=677, movieId=201)
2025-11-12 12:05:30,495 - WARNING - [POPUP 3 DELETE] Dialog destroyed without commit - releasing lock
2025-11-12 12:05:30,495 - INFO - [LOCK RELEASED] Rating unlocked (userId=677, movieId=201)
2025-11-12 12:09:18,404 - INFO - Successfully connected to MongoDB Atlas: cluster0.qrc4kkf.mongodb.net
2025-11-12 12:09:18,404 - INFO - Using database: movies_nosql, collection: tmdb_movies
2025-11-12 12:09:25,288 - INFO - [MAIN] Opening Rating Management - THREE POPUP SEQUENCE
2025-11-12 12:09:25,289 - INFO - [MAIN] POPUP 1: Action Selection
2025-11-12 12:09:25,329 - INFO - [POPUP 1] Action Selection Dialog opened for keetian
2025-11-12 12:09:26,927 - INFO - [POPUP 1] Action selected: delete
2025-11-12 12:09:26,960 - INFO - [MAIN] POPUP 1 Result: delete
2025-11-12 12:09:26,960 - INFO - [MAIN] POPUP 2: Movie Selection for action=delete
2025-11-12 12:09:27,000 - INFO - [POPUP 2] Movie Selection Dialog opened for keetian, action=delete
2025-11-12 12:09:29,347 - INFO - [POPUP 2] Acquiring lock for userId=676, movieId=201
2025-11-12 12:09:29,347 - INFO - [LOCK ACQUIRED] User 'keetian' locked rating (userId=676, movieId=201)
2025-11-12 12:09:29,350 - INFO - [POPUP 2] ✅ Lock ACQUIRED: userId=676, movieId=201
2025-11-12 12:09:30,647 - INFO - [MAIN] POPUP 2 Result: movie_id=201, lock=True
2025-11-12 12:09:30,647 - INFO - [MAIN] POPUP 3: Delete Confirmation for movieId=201
2025-11-12 12:09:30,672 - INFO - [POPUP 3 DELETE] Delete Confirm Dialog opened for keetian, movieId=201
2025-11-12 12:09:50,720 - INFO - [MAIN] POPUP 3 DELETE Result: success=False
2025-11-12 12:09:50,720 - INFO - [MAIN] THREE POPUP SEQUENCE COMPLETE
2025-11-12 12:09:50,720 - WARNING - [POPUP 2] Dialog destroyed with active lock - releasing lock
2025-11-12 12:09:50,721 - INFO - [LOCK RELEASED] Rating unlocked (userId=676, movieId=201)
2025-11-12 12:09:50,722 - WARNING - [POPUP 3 DELETE] Dialog destroyed without commit - releasing lock
2025-11-12 12:09:50,722 - INFO - [LOCK RELEASED] Rating unlocked (userId=676, movieId=201)
2025-11-12 12:14:13,755 - INFO - Successfully connected to MongoDB Atlas: cluster0.qrc4kkf.mongodb.net
2025-11-12 12:14:13,755 - INFO - Using database: movies_nosql, collection: tmdb_movies
2025-11-12 12:14:30,817 - INFO - [MAIN] Opening Rating Management - THREE POPUP SEQUENCE
2025-11-12 12:14:30,817 - INFO - [MAIN] POPUP 1: Action Selection
2025-11-12 12:14:30,852 - INFO - [POPUP 1] Action Selection Dialog opened for keetian
2025-11-12 12:14:32,199 - INFO - [POPUP 1] Action selected: delete
2025-11-12 12:14:32,224 - INFO - [MAIN] POPUP 1 Result: delete
2025-11-12 12:14:32,224 - INFO - [MAIN] POPUP 2: Movie Selection for action=delete
2025-11-12 12:14:32,254 - INFO - [POPUP 2] Movie Selection Dialog opened for keetian, action=delete
2025-11-12 12:14:34,910 - INFO - [POPUP 2] Acquiring lock for userId=676, movieId=201
2025-11-12 12:14:34,910 - INFO - [LOCK ACQUIRED] User 'keetian' locked rating (userId=676, movieId=201)
2025-11-12 12:14:34,913 - INFO - [POPUP 2] ✅ Lock ACQUIRED: userId=676, movieId=201
2025-11-12 12:14:35,836 - INFO - [MAIN] POPUP 2 Result: movie_id=201, lock=True
2025-11-12 12:14:35,836 - INFO - [MAIN] POPUP 3: Delete Confirmation for movieId=201
2025-11-12 12:14:35,855 - INFO - [POPUP 3 DELETE] Delete Confirm Dialog opened for keetian, movieId=201
2025-11-12 12:14:39,347 - INFO - [MAIN] POPUP 3 DELETE Result: success=False
2025-11-12 12:14:39,347 - INFO - [MAIN] THREE POPUP SEQUENCE COMPLETE
2025-11-12 12:14:39,347 - WARNING - [POPUP 2] Dialog destroyed with active lock - releasing lock
2025-11-12 12:14:39,347 - INFO - [LOCK RELEASED] Rating unlocked (userId=676, movieId=201)
2025-11-12 12:14:39,349 - WARNING - [POPUP 3 DELETE] Dialog destroyed without commit - releasing lock
2025-11-12 12:14:39,349 - INFO - [LOCK RELEASED] Rating unlocked (userId=676, movieId=201)
2025-11-12 12:14:40,806 - INFO - [MAIN] Opening Rating Management - THREE POPUP SEQUENCE
2025-11-12 12:14:40,806 - INFO - [MAIN] POPUP 1: Action Selection
2025-11-12 12:14:40,825 - INFO - [POPUP 1] Action Selection Dialog opened for keetian
2025-11-12 12:14:42,774 - INFO - [POPUP 1] Action selected: delete
2025-11-12 12:14:42,792 - INFO - [MAIN] POPUP 1 Result: delete
2025-11-12 12:14:42,792 - INFO - [MAIN] POPUP 2: Movie Selection for action=delete
2025-11-12 12:14:42,799 - INFO - [POPUP 2] Movie Selection Dialog opened for keetian, action=delete
2025-11-12 12:14:46,454 - INFO - [POPUP 2] Acquiring lock for userId=676, movieId=201
2025-11-12 12:14:46,454 - INFO - [LOCK ACQUIRED] User 'keetian' locked rating (userId=676, movieId=201)
2025-11-12 12:14:46,472 - INFO - [POPUP 2] ✅ Lock ACQUIRED: userId=676, movieId=201
2025-11-12 12:14:47,479 - INFO - [MAIN] POPUP 2 Result: movie_id=201, lock=True
2025-11-12 12:14:47,479 - INFO - [MAIN] POPUP 3: Delete Confirmation for movieId=201
2025-11-12 12:14:47,490 - INFO - [POPUP 3 DELETE] Delete Confirm Dialog opened for keetian, movieId=201
2025-11-12 12:15:05,304 - INFO - [MAIN] POPUP 3 DELETE Result: success=False
2025-11-12 12:15:05,304 - INFO - [MAIN] THREE POPUP SEQUENCE COMPLETE
2025-11-12 12:15:05,304 - WARNING - [POPUP 2] Dialog destroyed with active lock - releasing lock
2025-11-12 12:15:05,305 - INFO - [LOCK RELEASED] Rating unlocked (userId=676, movieId=201)
2025-11-12 12:15:05,328 - WARNING - [POPUP 3 DELETE] Dialog destroyed without commit - releasing lock
2025-11-12 12:15:05,328 - INFO - [LOCK RELEASED] Rating unlocked (userId=676, movieId=201)
2025-11-12 12:16:05,088 - INFO - Successfully connected to MongoDB Atlas: cluster0.qrc4kkf.mongodb.net
2025-11-12 12:16:05,088 - INFO - Using database: movies_nosql, collection: tmdb_movies
2025-11-12 12:16:14,480 - INFO - [MAIN] Opening Rating Management - THREE POPUP SEQUENCE
2025-11-12 12:16:14,481 - INFO - [MAIN] POPUP 1: Action Selection
2025-11-12 12:16:14,525 - INFO - [POPUP 1] Action Selection Dialog opened for keetian
2025-11-12 12:16:16,335 - INFO - [POPUP 1] Action selected: delete
2025-11-12 12:16:16,371 - INFO - [MAIN] POPUP 1 Result: delete
2025-11-12 12:16:16,371 - INFO - [MAIN] POPUP 2: Movie Selection for action=delete
2025-11-12 12:16:16,408 - INFO - [POPUP 2] Movie Selection Dialog opened for keetian, action=delete
2025-11-12 12:16:21,930 - INFO - [POPUP 2] Acquiring lock for userId=676, movieId=201
2025-11-12 12:16:21,930 - INFO - [LOCK ACQUIRED] User 'keetian' locked rating (userId=676, movieId=201)
2025-11-12 12:16:21,946 - INFO - [POPUP 2] ✅ Lock ACQUIRED: userId=676, movieId=201
2025-11-12 12:16:23,097 - INFO - [MAIN] POPUP 2 Result: movie_id=201, lock=True
2025-11-12 12:16:23,097 - INFO - [MAIN] POPUP 3: Delete Confirmation for movieId=201
2025-11-12 12:16:23,119 - INFO - [POPUP 3 DELETE] Delete Confirm Dialog opened for keetian, movieId=201
2025-11-12 12:16:28,039 - INFO - [MAIN] POPUP 3 DELETE Result: success=False
2025-11-12 12:16:28,039 - INFO - [MAIN] THREE POPUP SEQUENCE COMPLETE
2025-11-12 12:16:28,039 - WARNING - [POPUP 2] Dialog destroyed with active lock - releasing lock
2025-11-12 12:16:28,039 - INFO - [LOCK RELEASED] Rating unlocked (userId=676, movieId=201)
2025-11-12 12:16:28,040 - WARNING - [POPUP 3 DELETE] Dialog destroyed without commit - releasing lock
2025-11-12 12:16:28,041 - INFO - [LOCK RELEASED] Rating unlocked (userId=676, movieId=201)
2025-11-12 12:16:36,555 - INFO - Successfully connected to MongoDB Atlas: cluster0.qrc4kkf.mongodb.net
2025-11-12 12:16:36,555 - INFO - Using database: movies_nosql, collection: tmdb_movies
2025-11-12 12:16:41,668 - INFO - Successfully connected to MongoDB Atlas: cluster0.qrc4kkf.mongodb.net
2025-11-12 12:16:41,668 - INFO - Using database: movies_nosql, collection: tmdb_movies
2025-11-12 12:17:03,842 - INFO - [MAIN] Opening Rating Management - THREE POPUP SEQUENCE
2025-11-12 12:17:03,842 - INFO - [MAIN] POPUP 1: Action Selection
2025-11-12 12:17:03,874 - INFO - [POPUP 1] Action Selection Dialog opened for johntan
2025-11-12 12:17:04,705 - INFO - [MAIN] Opening Rating Management - THREE POPUP SEQUENCE
2025-11-12 12:17:04,705 - INFO - [MAIN] POPUP 1: Action Selection
2025-11-12 12:17:04,753 - INFO - [POPUP 1] Action Selection Dialog opened for keetian
2025-11-12 12:17:08,240 - INFO - [POPUP 1] Action selected: delete
2025-11-12 12:17:08,258 - INFO - [MAIN] POPUP 1 Result: delete
2025-11-12 12:17:08,258 - INFO - [MAIN] POPUP 2: Movie Selection for action=delete
2025-11-12 12:17:08,289 - INFO - [POPUP 2] Movie Selection Dialog opened for keetian, action=delete
2025-11-12 12:17:11,734 - INFO - [POPUP 1] Action selected: delete
2025-11-12 12:17:11,757 - INFO - [MAIN] POPUP 1 Result: delete
2025-11-12 12:17:11,757 - INFO - [MAIN] POPUP 2: Movie Selection for action=delete
2025-11-12 12:17:11,773 - INFO - [POPUP 2] Movie Selection Dialog opened for johntan, action=delete
2025-11-12 12:17:16,659 - INFO - [POPUP 2] Acquiring lock for userId=676, movieId=201
2025-11-12 12:17:16,660 - INFO - [LOCK ACQUIRED] User 'keetian' locked rating (userId=676, movieId=201)
2025-11-12 12:17:16,676 - INFO - [POPUP 2] ✅ Lock ACQUIRED: userId=676, movieId=201
2025-11-12 12:17:18,023 - INFO - [MAIN] POPUP 2 Result: movie_id=201, lock=True
2025-11-12 12:17:18,023 - INFO - [MAIN] POPUP 3: Delete Confirmation for movieId=201
2025-11-12 12:17:18,050 - INFO - [POPUP 3 DELETE] Delete Confirm Dialog opened for keetian, movieId=201
2025-11-12 12:17:38,308 - INFO - [POPUP 2] User johntan BLOCKED - rating locked by 'keetian'
2025-11-12 12:17:39,511 - INFO - [POPUP 3 DELETE] User cancelled - releasing lock
2025-11-12 12:17:39,512 - INFO - [LOCK RELEASED] Rating unlocked (userId=676, movieId=201)
2025-11-12 12:17:39,532 - INFO - [MAIN] POPUP 3 DELETE Result: success=False
2025-11-12 12:17:39,532 - INFO - [MAIN] THREE POPUP SEQUENCE COMPLETE
2025-11-12 12:17:39,532 - WARNING - [POPUP 2] Dialog destroyed with active lock - releasing lock
2025-11-12 12:17:39,533 - INFO - [LOCK RELEASED] Rating unlocked (userId=676, movieId=201)
2025-11-12 12:17:39,558 - WARNING - [POPUP 3 DELETE] Dialog destroyed without commit - releasing lock
2025-11-12 12:17:39,558 - INFO - [LOCK RELEASED] Rating unlocked (userId=676, movieId=201)
2025-11-12 12:17:40,510 - INFO - [POPUP 2] Acquiring lock for userId=677, movieId=201
2025-11-12 12:17:40,510 - INFO - [LOCK ACQUIRED] User 'johntan' locked rating (userId=677, movieId=201)
2025-11-12 12:17:40,513 - INFO - [POPUP 2] ✅ Lock ACQUIRED: userId=677, movieId=201
2025-11-12 12:17:41,746 - INFO - [MAIN] POPUP 2 Result: movie_id=201, lock=True
2025-11-12 12:17:41,746 - INFO - [MAIN] POPUP 3: Delete Confirmation for movieId=201
2025-11-12 12:17:41,754 - INFO - [POPUP 3 DELETE] Delete Confirm Dialog opened for johntan, movieId=201
2025-11-12 12:17:49,343 - INFO - [POPUP 3 DELETE] User cancelled - releasing lock
2025-11-12 12:17:49,343 - INFO - [LOCK RELEASED] Rating unlocked (userId=677, movieId=201)
2025-11-12 12:17:49,379 - INFO - [MAIN] POPUP 3 DELETE Result: success=False
2025-11-12 12:17:49,379 - INFO - [MAIN] THREE POPUP SEQUENCE COMPLETE
2025-11-12 12:17:49,379 - WARNING - [POPUP 2] Dialog destroyed with active lock - releasing lock
2025-11-12 12:17:49,379 - INFO - [LOCK RELEASED] Rating unlocked (userId=677, movieId=201)
2025-11-12 12:17:49,381 - WARNING - [POPUP 3 DELETE] Dialog destroyed without commit - releasing lock
2025-11-12 12:17:49,381 - INFO - [LOCK RELEASED] Rating unlocked (userId=677, movieId=201)
2025-11-12 12:18:33,867 - INFO - [MAIN] Opening Rating Management - THREE POPUP SEQUENCE
2025-11-12 12:18:33,867 - INFO - [MAIN] POPUP 1: Action Selection
2025-11-12 12:18:33,879 - INFO - [POPUP 1] Action Selection Dialog opened for keetian
2025-11-12 12:18:37,488 - INFO - [POPUP 1] Action selected: add
2025-11-12 12:18:37,513 - INFO - [MAIN] POPUP 1 Result: add
2025-11-12 12:18:37,513 - INFO - [MAIN] POPUP 2: Movie Selection for action=add
2025-11-12 12:18:37,522 - INFO - [POPUP 2] Movie Selection Dialog opened for keetian, action=add
2025-11-12 12:18:44,862 - INFO - [MAIN] POPUP 2 Result: movie_id=None, lock=False
2025-11-12 12:18:44,862 - INFO - [MAIN] User cancelled at movie selection or lock failed
2025-11-12 12:20:33,863 - INFO - Successfully connected to MongoDB Atlas: cluster0.qrc4kkf.mongodb.net
2025-11-12 12:20:33,864 - INFO - Using database: movies_nosql, collection: tmdb_movies
2025-11-12 12:23:07,299 - INFO - Successfully connected to MongoDB Atlas: cluster0.qrc4kkf.mongodb.net
2025-11-12 12:23:07,299 - INFO - Using database: movies_nosql, collection: tmdb_movies
2025-11-12 12:23:34,161 - INFO - [MAIN] Opening Rating Management - THREE POPUP SEQUENCE
2025-11-12 12:23:34,161 - INFO - [MAIN] POPUP 1: Action Selection
2025-11-12 12:23:34,203 - INFO - [POPUP 1] Action Selection Dialog opened for keetian
2025-11-12 12:23:37,130 - INFO - [MAIN] POPUP 1 Result: None
2025-11-12 12:23:37,130 - INFO - [MAIN] User cancelled at action selection
2025-11-12 12:24:23,195 - INFO - Successfully connected to MongoDB Atlas: cluster0.qrc4kkf.mongodb.net
2025-11-12 12:24:23,195 - INFO - Using database: movies_nosql, collection: tmdb_movies
2025-11-12 12:25:23,806 - INFO - [MAIN] Opening Rating Management - THREE POPUP SEQUENCE
2025-11-12 12:25:23,807 - INFO - [MAIN] POPUP 1: Action Selection
2025-11-12 12:25:23,847 - INFO - [POPUP 1] Action Selection Dialog opened for keetian
2025-11-12 12:25:33,400 - INFO - [POPUP 1] Action selected: add
2025-11-12 12:25:33,422 - INFO - [MAIN] POPUP 1 Result: add
2025-11-12 12:25:33,422 - INFO - [MAIN] POPUP 2: Movie Selection for action=add
2025-11-12 12:25:33,455 - INFO - [POPUP 2] Movie Selection Dialog opened for keetian, action=add
2025-11-12 12:25:35,979 - INFO - [POPUP 2] Movie selection cancelled
2025-11-12 12:25:36,008 - INFO - [MAIN] POPUP 2 Result: movie_id=None, lock=False
2025-11-12 12:25:36,009 - INFO - [MAIN] User cancelled at movie selection or lock failed
2025-11-12 12:29:27,044 - INFO - Successfully connected to MongoDB Atlas: cluster0.qrc4kkf.mongodb.net
2025-11-12 12:29:27,044 - INFO - Using database: movies_nosql, collection: tmdb_movies
2025-11-12 12:29:34,797 - INFO - [MAIN] Opening Rating Management - THREE POPUP SEQUENCE
2025-11-12 12:29:34,797 - INFO - [MAIN] POPUP 1: Action Selection
2025-11-12 12:29:34,828 - INFO - [POPUP 1] Action Selection Dialog opened for keetian
2025-11-12 12:29:36,394 - INFO - [POPUP 1] Action selected: add
2025-11-12 12:29:36,431 - INFO - [MAIN] POPUP 1 Result: add
2025-11-12 12:29:36,431 - INFO - [MAIN] POPUP 2: Movie Selection for action=add
2025-11-12 12:29:36,466 - INFO - [POPUP 2] Movie Selection Dialog opened for keetian, action=add
2025-11-12 12:29:39,802 - INFO - [POPUP 2] Movie selection cancelled
2025-11-12 12:29:39,830 - INFO - [MAIN] POPUP 2 Result: movie_id=None, lock=False
2025-11-12 12:29:39,830 - INFO - [MAIN] User cancelled at movie selection or lock failed
2025-11-12 12:29:40,634 - INFO - [MAIN] Opening Rating Management - THREE POPUP SEQUENCE
2025-11-12 12:29:40,634 - INFO - [MAIN] POPUP 1: Action Selection
2025-11-12 12:29:40,649 - INFO - [POPUP 1] Action Selection Dialog opened for keetian
2025-11-12 12:29:43,972 - INFO - [POPUP 1] Action selected: view
2025-11-12 12:29:44,008 - INFO - [MAIN] POPUP 1 Result: view
2025-11-12 12:29:44,008 - INFO - [MAIN] POPUP VIEW: Showing all ratings
2025-11-12 12:29:44,018 - INFO - [POPUP VIEW] View Ratings Dialog opened for keetian
2025-11-12 12:29:57,942 - INFO - [MAIN] Opening Rating Management - THREE POPUP SEQUENCE
2025-11-12 12:29:57,942 - INFO - [MAIN] POPUP 1: Action Selection
2025-11-12 12:29:57,952 - INFO - [POPUP 1] Action Selection Dialog opened for keetian
2025-11-12 12:29:59,343 - INFO - [POPUP 1] Action selected: delete
2025-11-12 12:29:59,382 - INFO - [MAIN] POPUP 1 Result: delete
2025-11-12 12:29:59,382 - INFO - [MAIN] POPUP 2: Movie Selection for action=delete
2025-11-12 12:29:59,393 - INFO - [POPUP 2] Movie Selection Dialog opened for keetian, action=delete
2025-11-12 12:30:01,875 - INFO - [POPUP 2] Acquiring lock for userId=676, movieId=200
2025-11-12 12:30:01,875 - INFO - [LOCK ACQUIRED] User 'keetian' locked rating (userId=676, movieId=200)
2025-11-12 12:30:01,894 - INFO - [POPUP 2] ✅ Lock ACQUIRED: userId=676, movieId=200
2025-11-12 12:30:10,966 - INFO - [MAIN] POPUP 2 Result: movie_id=200, lock=True
2025-11-12 12:30:10,966 - INFO - [MAIN] POPUP 3: Delete Confirmation for movieId=200
2025-11-12 12:30:10,974 - INFO - [POPUP 3 DELETE] Delete Confirm Dialog opened for keetian, movieId=200
2025-11-12 12:30:12,344 - INFO - [POPUP 3 DELETE] Executing DELETE transaction: userId=676, movieId=200
2025-11-12 12:30:12,362 - ERROR - [POPUP 3 DELETE] Transaction FAILED - Rolling back
2025-11-12 12:31:18,481 - INFO - [POPUP 3 DELETE] Executing DELETE transaction: userId=676, movieId=200
2025-11-12 12:31:18,508 - ERROR - [POPUP 3 DELETE] Transaction FAILED - Rolling back
2025-11-12 12:31:25,501 - INFO - [POPUP 3 DELETE] User cancelled - releasing lock
2025-11-12 12:31:25,502 - INFO - [LOCK RELEASED] Rating unlocked (userId=676, movieId=200)
2025-11-12 12:31:25,543 - INFO - [MAIN] POPUP 3 DELETE Result: success=False
2025-11-12 12:31:25,544 - INFO - [MAIN] THREE POPUP SEQUENCE COMPLETE
2025-11-12 12:31:25,544 - WARNING - [POPUP 2] Dialog destroyed with active lock - releasing lock
2025-11-12 12:31:25,544 - INFO - [LOCK RELEASED] Rating unlocked (userId=676, movieId=200)
2025-11-12 12:31:25,563 - WARNING - [POPUP 3 DELETE] Dialog destroyed without commit - releasing lock
2025-11-12 12:31:25,563 - INFO - [LOCK RELEASED] Rating unlocked (userId=676, movieId=200)
2025-11-12 12:31:31,368 - INFO - [MAIN] Opening Rating Management - THREE POPUP SEQUENCE
2025-11-12 12:31:31,368 - INFO - [MAIN] POPUP 1: Action Selection
2025-11-12 12:31:31,377 - INFO - [POPUP 1] Action Selection Dialog opened for keetian
2025-11-12 12:31:32,642 - INFO - [POPUP 1] Action selected: view
2025-11-12 12:31:32,664 - INFO - [MAIN] POPUP 1 Result: view
2025-11-12 12:31:32,664 - INFO - [MAIN] POPUP VIEW: Showing all ratings
2025-11-12 12:31:32,677 - INFO - [POPUP VIEW] View Ratings Dialog opened for keetian
2025-11-12 12:31:37,431 - INFO - [MAIN] Opening Rating Management - THREE POPUP SEQUENCE
2025-11-12 12:31:37,431 - INFO - [MAIN] POPUP 1: Action Selection
2025-11-12 12:31:37,439 - INFO - [POPUP 1] Action Selection Dialog opened for keetian
2025-11-12 12:31:39,698 - INFO - [POPUP 1] Action selected: view
2025-11-12 12:31:39,733 - INFO - [MAIN] POPUP 1 Result: view
2025-11-12 12:31:39,733 - INFO - [MAIN] POPUP VIEW: Showing all ratings
2025-11-12 12:31:39,761 - INFO - [POPUP VIEW] View Ratings Dialog opened for keetian
2025-11-12 12:35:03,820 - INFO - Successfully connected to MongoDB Atlas: cluster0.qrc4kkf.mongodb.net
2025-11-12 12:35:03,820 - INFO - Using database: movies_nosql, collection: tmdb_movies
2025-11-12 12:35:09,163 - INFO - [MAIN] Opening Rating Management - THREE POPUP SEQUENCE
2025-11-12 12:35:09,164 - INFO - [MAIN] POPUP 1: Action Selection
2025-11-12 12:35:09,201 - INFO - [POPUP 1] Action Selection Dialog opened for keetian
2025-11-12 12:35:11,478 - INFO - [MAIN] POPUP 1 Result: None
2025-11-12 12:35:11,478 - INFO - [MAIN] User cancelled at action selection
2025-11-12 12:35:13,152 - INFO - [MAIN] Opening Rating Management - THREE POPUP SEQUENCE
2025-11-12 12:35:13,152 - INFO - [MAIN] POPUP 1: Action Selection
2025-11-12 12:35:13,166 - INFO - [POPUP 1] Action Selection Dialog opened for keetian
2025-11-12 12:35:15,089 - INFO - [POPUP 1] Action selected: delete
2025-11-12 12:35:15,118 - INFO - [MAIN] POPUP 1 Result: delete
2025-11-12 12:35:15,118 - INFO - [MAIN] POPUP 2: Movie Selection for action=delete
2025-11-12 12:35:15,141 - INFO - [POPUP 2] Movie Selection Dialog opened for keetian, action=delete
2025-11-12 12:35:17,647 - INFO - [POPUP 2] Acquiring lock for userId=676, movieId=200
2025-11-12 12:35:17,647 - INFO - [LOCK ACQUIRED] User 'keetian' locked rating (userId=676, movieId=200)
2025-11-12 12:35:17,665 - INFO - [POPUP 2] ✅ Lock ACQUIRED: userId=676, movieId=200
2025-11-12 12:35:18,700 - INFO - [MAIN] POPUP 2 Result: movie_id=200, lock=True
2025-11-12 12:35:18,700 - INFO - [MAIN] POPUP 3: Delete Confirmation for movieId=200
2025-11-12 12:35:18,707 - INFO - [POPUP 3 DELETE] Delete Confirm Dialog opened for keetian, movieId=200
2025-11-12 12:35:21,642 - INFO - [POPUP 3 DELETE] Executing DELETE transaction: userId=676, movieId=200
2025-11-12 12:35:21,660 - ERROR - [POPUP 3 DELETE] Transaction FAILED - Rolling back
2025-11-12 12:35:23,979 - INFO - [POPUP 3 DELETE] User cancelled - releasing lock
2025-11-12 12:35:23,979 - INFO - [LOCK RELEASED] Rating unlocked (userId=676, movieId=200)
2025-11-12 12:35:24,023 - INFO - [MAIN] POPUP 3 DELETE Result: success=False
2025-11-12 12:35:24,023 - INFO - [MAIN] THREE POPUP SEQUENCE COMPLETE
2025-11-12 12:35:24,023 - WARNING - [POPUP 2] Dialog destroyed with active lock - releasing lock
2025-11-12 12:35:24,023 - INFO - [LOCK RELEASED] Rating unlocked (userId=676, movieId=200)
2025-11-12 12:35:24,025 - WARNING - [POPUP 3 DELETE] Dialog destroyed without commit - releasing lock
2025-11-12 12:35:24,025 - INFO - [LOCK RELEASED] Rating unlocked (userId=676, movieId=200)
2025-11-12 12:35:24,961 - INFO - [MAIN] Opening Rating Management - THREE POPUP SEQUENCE
2025-11-12 12:35:24,961 - INFO - [MAIN] POPUP 1: Action Selection
2025-11-12 12:35:24,968 - INFO - [POPUP 1] Action Selection Dialog opened for keetian
2025-11-12 12:35:26,119 - INFO - [POPUP 1] Action selected: view
2025-11-12 12:35:26,152 - INFO - [MAIN] POPUP 1 Result: view
2025-11-12 12:35:26,153 - INFO - [MAIN] POPUP VIEW: Showing all ratings
2025-11-12 12:35:26,166 - INFO - [POPUP VIEW] View Ratings Dialog opened for keetian
2025-11-12 12:36:31,772 - INFO - Successfully connected to MongoDB Atlas: cluster0.qrc4kkf.mongodb.net
2025-11-12 12:36:31,772 - INFO - Using database: movies_nosql, collection: tmdb_movies
2025-11-12 12:36:39,129 - INFO - [MAIN] Opening Rating Management - THREE POPUP SEQUENCE
2025-11-12 12:36:39,129 - INFO - [MAIN] POPUP 1: Action Selection
2025-11-12 12:36:39,149 - INFO - [POPUP 1] Action Selection Dialog opened for keetian
2025-11-12 12:36:40,351 - INFO - [POPUP 1] Action selected: view
2025-11-12 12:36:40,377 - INFO - [MAIN] POPUP 1 Result: view
2025-11-12 12:36:40,377 - INFO - [MAIN] POPUP VIEW: Showing all ratings
2025-11-12 12:36:40,399 - INFO - [POPUP VIEW] View Ratings Dialog opened for keetian
2025-11-12 12:38:45,950 - INFO - Successfully connected to MongoDB Atlas: cluster0.qrc4kkf.mongodb.net
2025-11-12 12:38:45,950 - INFO - Using database: movies_nosql, collection: tmdb_movies
2025-11-12 12:39:02,768 - INFO - [MAIN] Opening Rating Management - THREE POPUP SEQUENCE
2025-11-12 12:39:02,769 - INFO - [MAIN] POPUP 1: Action Selection
2025-11-12 12:39:02,794 - INFO - [POPUP 1] Action Selection Dialog opened for keetian
2025-11-12 12:39:09,952 - INFO - [POPUP 1] Action selected: view
2025-11-12 12:39:09,985 - INFO - [MAIN] POPUP 1 Result: view
2025-11-12 12:39:09,985 - INFO - [MAIN] POPUP VIEW: Showing all ratings
2025-11-12 12:39:09,999 - INFO - [POPUP VIEW] View Ratings Dialog opened for keetian
2025-11-12 12:39:15,927 - INFO - [MAIN] Opening Rating Management - THREE POPUP SEQUENCE
2025-11-12 12:39:15,927 - INFO - [MAIN] POPUP 1: Action Selection
2025-11-12 12:39:15,946 - INFO - [POPUP 1] Action Selection Dialog opened for keetian
2025-11-12 12:39:18,699 - INFO - [POPUP 1] Action selected: view
2025-11-12 12:39:18,719 - INFO - [MAIN] POPUP 1 Result: view
2025-11-12 12:39:18,719 - INFO - [MAIN] POPUP VIEW: Showing all ratings
2025-11-12 12:39:18,747 - INFO - [POPUP VIEW] View Ratings Dialog opened for keetian
2025-11-12 12:39:19,469 - INFO - [MAIN] User clicked Back from View Ratings - returning to action selection
2025-11-12 12:39:19,469 - INFO - [MAIN] POPUP 1: Action Selection
2025-11-12 12:39:19,480 - INFO - [POPUP 1] Action Selection Dialog opened for keetian
2025-11-12 12:40:07,313 - INFO - [POPUP 1] Action selected: delete
2025-11-12 12:40:07,339 - INFO - [MAIN] POPUP 1 Result: delete
2025-11-12 12:40:07,339 - INFO - [MAIN] POPUP 2: Movie Selection for action=delete
2025-11-12 12:40:07,362 - INFO - [POPUP 2] Movie Selection Dialog opened for keetian, action=delete
2025-11-12 12:40:32,634 - INFO - [POPUP 2] Movie selection cancelled
2025-11-12 12:40:32,665 - INFO - [MAIN] POPUP 2 Result: movie_id=None, lock=False
2025-11-12 12:40:32,666 - INFO - [MAIN] User cancelled at movie selection or lock failed
2025-11-12 12:42:57,920 - INFO - Successfully connected to MongoDB Atlas: cluster0.qrc4kkf.mongodb.net
2025-11-12 12:42:57,920 - INFO - Using database: movies_nosql, collection: tmdb_movies
2025-11-12 12:43:22,857 - INFO - [MAIN] Opening Rating Management - THREE POPUP SEQUENCE
2025-11-12 12:43:22,857 - INFO - [MAIN] POPUP 1: Action Selection
2025-11-12 12:43:22,880 - INFO - [POPUP 1] Action Selection Dialog opened for admin
2025-11-12 12:43:28,705 - INFO - [POPUP 1] Action selected: view
2025-11-12 12:43:28,728 - INFO - [MAIN] POPUP 1 Result: view
2025-11-12 12:43:28,728 - INFO - [MAIN] POPUP VIEW: Showing all ratings
2025-11-12 12:43:28,739 - INFO - [POPUP VIEW] View Ratings Dialog opened for admin
2025-11-12 12:50:39,443 - INFO - Successfully connected to MongoDB Atlas: cluster0.qrc4kkf.mongodb.net
2025-11-12 12:50:39,443 - INFO - Using database: movies_nosql, collection: tmdb_movies
2025-11-12 12:50:53,443 - INFO - [MAIN] Opening Rating Management - THREE POPUP SEQUENCE
2025-11-12 12:50:53,443 - INFO - [MAIN] POPUP 1: Action Selection
2025-11-12 12:50:53,465 - INFO - [POPUP 1] Action Selection Dialog opened for admin
2025-11-12 12:50:54,555 - INFO - [POPUP 1] Action selected: view
2025-11-12 12:50:54,592 - INFO - [MAIN] POPUP 1 Result: view
2025-11-12 12:50:54,592 - INFO - [MAIN] POPUP VIEW: Showing all ratings
2025-11-12 12:50:54,604 - INFO - [POPUP VIEW] View Ratings Dialog opened for admin
2025-11-12 12:52:48,767 - INFO - Successfully connected to MongoDB Atlas: cluster0.qrc4kkf.mongodb.net
2025-11-12 12:52:48,768 - INFO - Using database: movies_nosql, collection: tmdb_movies
2025-11-12 12:53:01,617 - INFO - [MAIN] Opening Rating Management - THREE POPUP SEQUENCE
2025-11-12 12:53:01,618 - INFO - [MAIN] POPUP 1: Action Selection
2025-11-12 12:53:01,648 - INFO - [POPUP 1] Action Selection Dialog opened for admin
2025-11-12 12:53:03,268 - INFO - [POPUP 1] Action selected: view
2025-11-12 12:53:03,301 - INFO - [MAIN] POPUP 1 Result: view
2025-11-12 12:53:03,301 - INFO - [MAIN] POPUP VIEW: Showing all ratings
2025-11-12 12:56:44,331 - INFO - Successfully connected to MongoDB Atlas: cluster0.qrc4kkf.mongodb.net
2025-11-12 12:56:44,331 - INFO - Using database: movies_nosql, collection: tmdb_movies
2025-11-12 12:56:52,652 - INFO - [MAIN] Opening Rating Management - THREE POPUP SEQUENCE
2025-11-12 12:56:52,653 - INFO - [MAIN] POPUP 1: Action Selection
2025-11-12 12:56:52,676 - INFO - [POPUP 1] Action Selection Dialog opened for keetian
2025-11-12 12:56:54,429 - INFO - [POPUP 1] Action selected: add
2025-11-12 12:56:54,451 - INFO - [MAIN] POPUP 1 Result: add
2025-11-12 12:56:54,452 - INFO - [MAIN] POPUP 2: Movie Selection for action=add
2025-11-12 12:56:54,471 - INFO - [POPUP 2] Movie Selection Dialog opened for keetian, action=add
2025-11-12 12:56:57,238 - INFO - [POPUP 2] Acquiring lock for userId=676, movieId=200
2025-11-12 12:56:57,239 - INFO - [LOCK ACQUIRED] User 'keetian' locked rating (userId=676, movieId=200)
2025-11-12 12:56:57,243 - INFO - [POPUP 2] ✅ Lock ACQUIRED: userId=676, movieId=200
2025-11-12 12:56:58,810 - INFO - [MAIN] POPUP 2 Result: movie_id=200, lock=True
2025-11-12 12:56:58,813 - INFO - [MAIN] POPUP 3: Rating Entry for movieId=200
2025-11-12 12:56:58,839 - INFO - [POPUP 3] Rating Entry Dialog opened for keetian, movieId=200
2025-11-12 12:57:07,779 - INFO - [POPUP 3] Executing transaction: userId=676, movieId=200, rating=5.0
2025-11-12 12:57:07,800 - INFO - [TRANSACTION BEGIN] Updating rating for userId=676, movieId=200
2025-11-12 12:57:07,803 - INFO - [TRANSACTION] Deleted 0 old rating(s)
2025-11-12 12:57:07,805 - INFO - [TRANSACTION] Inserted new rating: 5.0
2025-11-12 12:57:07,807 - INFO - [TRANSACTION] Verification passed: rating=5.0
2025-11-12 12:57:07,817 - INFO - [TRANSACTION COMMIT] Rating update successful
2025-11-12 12:57:07,817 - INFO - [POPUP 3] ✅ Transaction COMMITTED successfully
2025-11-12 12:57:07,818 - INFO - [LOCK RELEASED] Rating unlocked (userId=676, movieId=200)
2025-11-12 12:57:07,831 - INFO - [POPUP 3] ✅ Lock RELEASED: movieId=200
2025-11-12 12:57:08,767 - INFO - [MAIN] POPUP 3 Result: success=True, rating=5.0
2025-11-12 12:57:09,937 - INFO - [MAIN] THREE POPUP SEQUENCE COMPLETE
2025-11-12 12:57:09,938 - WARNING - [POPUP 2] Dialog destroyed with active lock - releasing lock
2025-11-12 12:57:09,939 - INFO - [LOCK RELEASED] Rating unlocked (userId=676, movieId=200)
2025-11-12 12:58:03,090 - INFO - Successfully connected to MongoDB Atlas: cluster0.qrc4kkf.mongodb.net
2025-11-12 12:58:03,090 - INFO - Using database: movies_nosql, collection: tmdb_movies
2025-11-12 12:58:09,976 - INFO - [MAIN] Opening Rating Management - THREE POPUP SEQUENCE
2025-11-12 12:58:09,977 - INFO - [MAIN] POPUP 1: Action Selection
2025-11-12 12:58:10,041 - INFO - [POPUP 1] Action Selection Dialog opened for keetian
2025-11-12 12:58:11,534 - INFO - [POPUP 1] Action selected: add
2025-11-12 12:58:11,581 - INFO - [MAIN] POPUP 1 Result: add
2025-11-12 12:58:11,581 - INFO - [MAIN] POPUP 2: Movie Selection for action=add
2025-11-12 12:58:11,600 - INFO - [POPUP 2] Movie Selection Dialog opened for keetian, action=add
2025-11-12 12:58:21,970 - INFO - [POPUP 2] Acquiring lock for userId=676, movieId=201
2025-11-12 12:58:21,971 - INFO - [LOCK ACQUIRED] User 'keetian' locked rating (userId=676, movieId=201)
2025-11-12 12:58:21,988 - INFO - [POPUP 2] ✅ Lock ACQUIRED: userId=676, movieId=201
2025-11-12 12:58:23,246 - INFO - [MAIN] POPUP 2 Result: movie_id=201, lock=True
2025-11-12 12:58:23,247 - INFO - [MAIN] POPUP 3: Rating Entry for movieId=201
2025-11-12 12:58:23,274 - INFO - [POPUP 3] Rating Entry Dialog opened for keetian, movieId=201
2025-11-12 12:58:32,845 - INFO - [MAIN] POPUP 3 Result: success=False, rating=None
2025-11-12 12:58:32,845 - INFO - [MAIN] THREE POPUP SEQUENCE COMPLETE
2025-11-12 12:58:32,845 - WARNING - [POPUP 2] Dialog destroyed with active lock - releasing lock
2025-11-12 12:58:32,845 - INFO - [LOCK RELEASED] Rating unlocked (userId=676, movieId=201)
2025-11-12 12:58:32,865 - WARNING - [POPUP 3] Dialog destroyed without commit - releasing lock
2025-11-12 12:58:32,865 - INFO - [LOCK RELEASED] Rating unlocked (userId=676, movieId=201)
2025-11-12 12:59:33,154 - INFO - Successfully connected to MongoDB Atlas: cluster0.qrc4kkf.mongodb.net
2025-11-12 12:59:33,154 - INFO - Using database: movies_nosql, collection: tmdb_movies
2025-11-12 12:59:38,929 - INFO - [MAIN] Opening Rating Management - THREE POPUP SEQUENCE
2025-11-12 12:59:38,930 - INFO - [MAIN] POPUP 1: Action Selection
2025-11-12 12:59:38,961 - INFO - [POPUP 1] Action Selection Dialog opened for keetian
2025-11-12 12:59:39,934 - INFO - [POPUP 1] Action selected: add
2025-11-12 12:59:39,957 - INFO - [MAIN] POPUP 1 Result: add
2025-11-12 12:59:39,957 - INFO - [MAIN] POPUP 2: Movie Selection for action=add
2025-11-12 12:59:39,976 - INFO - [POPUP 2] Movie Selection Dialog opened for keetian, action=add
2025-11-12 12:59:42,715 - INFO - [POPUP 2] Acquiring lock for userId=676, movieId=201
2025-11-12 12:59:42,715 - INFO - [LOCK ACQUIRED] User 'keetian' locked rating (userId=676, movieId=201)
2025-11-12 12:59:42,719 - INFO - [POPUP 2] ✅ Lock ACQUIRED: userId=676, movieId=201
2025-11-12 12:59:43,919 - INFO - [MAIN] POPUP 2 Result: movie_id=201, lock=True
2025-11-12 12:59:43,919 - INFO - [MAIN] POPUP 3: Rating Entry for movieId=201
2025-11-12 12:59:43,944 - INFO - [POPUP 3] Rating Entry Dialog opened for keetian, movieId=201
2025-11-12 12:59:47,099 - INFO - [MAIN] POPUP 3 Result: success=False, rating=None
2025-11-12 12:59:47,099 - INFO - [MAIN] THREE POPUP SEQUENCE COMPLETE
2025-11-12 12:59:47,099 - WARNING - [POPUP 2] Dialog destroyed with active lock - releasing lock
2025-11-12 12:59:47,099 - INFO - [LOCK RELEASED] Rating unlocked (userId=676, movieId=201)
2025-11-12 12:59:47,100 - WARNING - [POPUP 3] Dialog destroyed without commit - releasing lock
2025-11-12 12:59:47,101 - INFO - [LOCK RELEASED] Rating unlocked (userId=676, movieId=201)
2025-11-12 12:59:47,960 - INFO - [MAIN] Opening Rating Management - THREE POPUP SEQUENCE
2025-11-12 12:59:47,960 - INFO - [MAIN] POPUP 1: Action Selection
2025-11-12 12:59:47,969 - INFO - [POPUP 1] Action Selection Dialog opened for keetian
2025-11-12 12:59:49,729 - INFO - [POPUP 1] Action selected: delete
2025-11-12 12:59:49,744 - INFO - [MAIN] POPUP 1 Result: delete
2025-11-12 12:59:49,744 - INFO - [MAIN] POPUP 2: Movie Selection for action=delete
2025-11-12 12:59:49,751 - INFO - [POPUP 2] Movie Selection Dialog opened for keetian, action=delete
2025-11-12 12:59:51,076 - INFO - [POPUP 2] Movie selection cancelled
2025-11-12 12:59:51,114 - INFO - [MAIN] POPUP 2 Result: movie_id=None, lock=False
2025-11-12 12:59:51,114 - INFO - [MAIN] User cancelled at movie selection or lock failed
2025-11-12 15:35:50,433 - INFO - Successfully connected to MongoDB Atlas: cluster0.qrc4kkf.mongodb.net
2025-11-12 15:35:50,435 - INFO - Using database: movies_nosql, collection: tmdb_movies
2025-11-12 16:45:57,510 - INFO - Successfully connected to MongoDB Atlas: cluster0.qrc4kkf.mongodb.net
2025-11-12 16:45:57,510 - INFO - Using database: movies_nosql, collection: tmdb_movies
2025-11-14 16:35:09,904 - INFO - Successfully connected to MongoDB Atlas: cluster0.qrc4kkf.mongodb.net
2025-11-14 16:35:09,904 - INFO - Using database: movies_nosql, collection: tmdb_movies
2025-11-14 17:32:40,174 - INFO - Successfully connected to MongoDB Atlas: cluster0.qrc4kkf.mongodb.net
2025-11-14 17:32:40,174 - INFO - Using database: movies_nosql, collection: tmdb_movies
2025-11-14 17:32:51,008 - INFO - [MAIN] Opening Rating Management - THREE POPUP SEQUENCE
2025-11-14 17:32:51,008 - INFO - [MAIN] POPUP 1: Action Selection
2025-11-14 17:32:51,031 - INFO - [POPUP 1] Action Selection Dialog opened for keetian
2025-11-14 17:32:53,843 - INFO - [POPUP 1] Action selected: add
2025-11-14 17:32:53,860 - INFO - [MAIN] POPUP 1 Result: add
2025-11-14 17:32:53,861 - INFO - [MAIN] POPUP 2: Movie Selection for action=add
2025-11-14 17:32:53,877 - INFO - [POPUP 2] Movie Selection Dialog opened for keetian, action=add
2025-11-14 17:32:57,752 - INFO - [POPUP 2] Acquiring lock for userId=676, movieId=201
2025-11-14 17:32:57,752 - INFO - [LOCK ACQUIRED] User 'keetian' locked rating (userId=676, movieId=201)
2025-11-14 17:32:57,769 - INFO - [POPUP 2] ✅ Lock ACQUIRED: userId=676, movieId=201
2025-11-14 17:33:05,696 - INFO - [MAIN] POPUP 2 Result: movie_id=201, lock=True
2025-11-14 17:33:05,696 - INFO - [MAIN] POPUP 3: Rating Entry for movieId=201
2025-11-14 17:33:05,718 - INFO - [POPUP 3] Rating Entry Dialog opened for keetian, movieId=201
2025-11-14 17:33:20,369 - INFO - [MAIN] POPUP 3 Result: success=False, rating=None
2025-11-14 17:33:20,369 - INFO - [MAIN] THREE POPUP SEQUENCE COMPLETE
2025-11-14 17:33:20,369 - WARNING - [POPUP 2] Dialog destroyed with active lock - releasing lock
2025-11-14 17:33:20,370 - INFO - [LOCK RELEASED] Rating unlocked (userId=676, movieId=201)
2025-11-14 17:33:20,371 - WARNING - [POPUP 3] Dialog destroyed without commit - releasing lock
2025-11-14 17:33:20,371 - INFO - [LOCK RELEASED] Rating unlocked (userId=676, movieId=201)
2025-11-14 17:35:03,143 - INFO - [MAIN] Opening Rating Management - THREE POPUP SEQUENCE
2025-11-14 17:35:03,144 - INFO - [MAIN] POPUP 1: Action Selection
2025-11-14 17:35:03,156 - INFO - [POPUP 1] Action Selection Dialog opened for keetian
2025-11-14 17:35:04,101 - INFO - [POPUP 1] Action selected: add
2025-11-14 17:35:04,121 - INFO - [MAIN] POPUP 1 Result: add
2025-11-14 17:35:04,121 - INFO - [MAIN] POPUP 2: Movie Selection for action=add
2025-11-14 17:35:04,134 - INFO - [POPUP 2] Movie Selection Dialog opened for keetian, action=add
2025-11-14 17:35:06,151 - INFO - [POPUP 2] Acquiring lock for userId=676, movieId=201
2025-11-14 17:35:06,151 - INFO - [LOCK ACQUIRED] User 'keetian' locked rating (userId=676, movieId=201)
2025-11-14 17:35:06,154 - INFO - [POPUP 2] ✅ Lock ACQUIRED: userId=676, movieId=201
2025-11-14 17:35:07,324 - INFO - [MAIN] POPUP 2 Result: movie_id=201, lock=True
2025-11-14 17:35:07,324 - INFO - [MAIN] POPUP 3: Rating Entry for movieId=201
2025-11-14 17:35:07,335 - INFO - [POPUP 3] Rating Entry Dialog opened for keetian, movieId=201
2025-11-14 17:35:10,740 - INFO - [MAIN] POPUP 3 Result: success=False, rating=None
2025-11-14 17:35:10,740 - INFO - [MAIN] THREE POPUP SEQUENCE COMPLETE
2025-11-14 17:35:10,740 - WARNING - [POPUP 2] Dialog destroyed with active lock - releasing lock
2025-11-14 17:35:10,740 - INFO - [LOCK RELEASED] Rating unlocked (userId=676, movieId=201)
2025-11-14 17:35:10,741 - WARNING - [POPUP 3] Dialog destroyed without commit - releasing lock
2025-11-14 17:35:10,742 - INFO - [LOCK RELEASED] Rating unlocked (userId=676, movieId=201)
2025-11-14 19:19:46,624 - INFO - Successfully connected to MongoDB Atlas: cluster0.qrc4kkf.mongodb.net
2025-11-14 19:19:46,624 - INFO - Using database: movies_nosql, collection: tmdb_movies
2025-11-14 19:19:58,599 - INFO - [MAIN] Opening Rating Management - THREE POPUP SEQUENCE
2025-11-14 19:19:58,599 - INFO - [MAIN] POPUP 1: Action Selection
2025-11-14 19:19:58,615 - INFO - [POPUP 1] Action Selection Dialog opened for keetian
2025-11-14 19:19:59,912 - INFO - [POPUP 1] Action selected: add
2025-11-14 19:19:59,925 - INFO - [MAIN] POPUP 1 Result: add
2025-11-14 19:19:59,925 - INFO - [MAIN] POPUP 2: Movie Selection for action=add
2025-11-14 19:19:59,940 - INFO - [POPUP 2] Movie Selection Dialog opened for keetian, action=add
2025-11-14 19:20:02,288 - INFO - [POPUP 2] Acquiring lock for userId=676, movieId=201
2025-11-14 19:20:02,288 - INFO - [LOCK ACQUIRED] User 'keetian' locked rating (userId=676, movieId=201)
2025-11-14 19:20:02,306 - INFO - [POPUP 2] ✅ Lock ACQUIRED: userId=676, movieId=201
2025-11-14 19:20:03,846 - INFO - [MAIN] POPUP 2 Result: movie_id=201, lock=True
2025-11-14 19:20:03,846 - INFO - [MAIN] POPUP 3: Rating Entry for movieId=201
2025-11-14 19:20:03,879 - INFO - [POPUP 3] Rating Entry Dialog opened for keetian, movieId=201
2025-11-14 19:20:14,602 - INFO - [POPUP 3] Executing transaction: userId=676, movieId=201, rating=5.0
2025-11-14 19:20:14,603 - INFO - [TRANSACTION BEGIN] Updating rating for userId=676, movieId=201
2025-11-14 19:20:14,604 - INFO - [TRANSACTION] Deleted 1 old rating(s)
2025-11-14 19:20:14,604 - INFO - [TRANSACTION] Inserted new rating: 5.0
2025-11-14 19:20:14,605 - INFO - [TRANSACTION] Verification passed: rating=5.0
2025-11-14 19:20:14,605 - INFO - [TRANSACTION COMMIT] Rating update successful
2025-11-14 19:20:14,605 - INFO - [POPUP 3] ✅ Transaction COMMITTED successfully
2025-11-14 19:20:14,606 - INFO - [LOCK RELEASED] Rating unlocked (userId=676, movieId=201)
2025-11-14 19:20:14,607 - INFO - [POPUP 3] ✅ Lock RELEASED: movieId=201
2025-11-14 19:20:15,619 - INFO - [MAIN] POPUP 3 Result: success=True, rating=5.0
2025-11-14 19:20:16,694 - INFO - [MAIN] THREE POPUP SEQUENCE COMPLETE
2025-11-14 19:20:16,694 - WARNING - [POPUP 2] Dialog destroyed with active lock - releasing lock
2025-11-14 19:20:16,694 - INFO - [LOCK RELEASED] Rating unlocked (userId=676, movieId=201)
2025-11-14 19:20:17,965 - INFO - [MAIN] Opening Rating Management - THREE POPUP SEQUENCE
2025-11-14 19:20:17,965 - INFO - [MAIN] POPUP 1: Action Selection
2025-11-14 19:20:17,973 - INFO - [POPUP 1] Action Selection Dialog opened for keetian
2025-11-14 19:20:19,032 - INFO - [POPUP 1] Action selected: add
2025-11-14 19:20:19,046 - INFO - [MAIN] POPUP 1 Result: add
2025-11-14 19:20:19,046 - INFO - [MAIN] POPUP 2: Movie Selection for action=add
2025-11-14 19:20:19,052 - INFO - [POPUP 2] Movie Selection Dialog opened for keetian, action=add
2025-11-14 19:20:21,455 - INFO - [POPUP 2] Acquiring lock for userId=676, movieId=201
2025-11-14 19:20:21,455 - INFO - [LOCK ACQUIRED] User 'keetian' locked rating (userId=676, movieId=201)
2025-11-14 19:20:21,472 - INFO - [POPUP 2] ✅ Lock ACQUIRED: userId=676, movieId=201
2025-11-14 19:20:26,376 - INFO - [MAIN] POPUP 2 Result: movie_id=201, lock=True
2025-11-14 19:20:26,377 - INFO - [MAIN] POPUP 3: Rating Entry for movieId=201
2025-11-14 19:20:26,385 - INFO - [POPUP 3] Rating Entry Dialog opened for keetian, movieId=201
2025-11-14 19:20:27,367 - INFO - [POPUP 3] User cancelled - releasing lock
2025-11-14 19:20:27,367 - INFO - [LOCK RELEASED] Rating unlocked (userId=676, movieId=201)
2025-11-14 19:20:27,381 - INFO - [MAIN] POPUP 3 Result: success=False, rating=None
2025-11-14 19:20:27,381 - INFO - [MAIN] THREE POPUP SEQUENCE COMPLETE
2025-11-14 19:20:27,381 - WARNING - [POPUP 2] Dialog destroyed with active lock - releasing lock
2025-11-14 19:20:27,381 - INFO - [LOCK RELEASED] Rating unlocked (userId=676, movieId=201)
2025-11-14 19:20:27,382 - WARNING - [POPUP 3] Dialog destroyed without commit - releasing lock
2025-11-14 19:20:27,382 - INFO - [LOCK RELEASED] Rating unlocked (userId=676, movieId=201)
2025-11-14 19:20:33,224 - INFO - [MAIN] Opening Rating Management - THREE POPUP SEQUENCE
2025-11-14 19:20:33,224 - INFO - [MAIN] POPUP 1: Action Selection
2025-11-14 19:20:33,232 - INFO - [POPUP 1] Action Selection Dialog opened for keetian
2025-11-14 19:20:34,011 - INFO - [POPUP 1] Action selected: add
2025-11-14 19:20:34,026 - INFO - [MAIN] POPUP 1 Result: add
2025-11-14 19:20:34,026 - INFO - [MAIN] POPUP 2: Movie Selection for action=add
2025-11-14 19:20:34,034 - INFO - [POPUP 2] Movie Selection Dialog opened for keetian, action=add
2025-11-14 19:20:37,196 - INFO - [POPUP 2] Acquiring lock for userId=676, movieId=201
2025-11-14 19:20:37,196 - INFO - [LOCK ACQUIRED] User 'keetian' locked rating (userId=676, movieId=201)
2025-11-14 19:20:37,213 - INFO - [POPUP 2] ✅ Lock ACQUIRED: userId=676, movieId=201
2025-11-14 19:20:41,795 - INFO - [MAIN] POPUP 2 Result: movie_id=201, lock=True
2025-11-14 19:20:41,795 - INFO - [MAIN] POPUP 3: Rating Entry for movieId=201
2025-11-14 19:20:41,804 - INFO - [POPUP 3] Rating Entry Dialog opened for keetian, movieId=201
2025-11-14 19:20:45,812 - INFO - [POPUP 3] User cancelled - releasing lock
2025-11-14 19:20:45,812 - INFO - [LOCK RELEASED] Rating unlocked (userId=676, movieId=201)
2025-11-14 19:20:45,854 - INFO - [MAIN] POPUP 3 Result: success=False, rating=None
2025-11-14 19:20:45,854 - INFO - [MAIN] THREE POPUP SEQUENCE COMPLETE
2025-11-14 19:20:45,854 - WARNING - [POPUP 2] Dialog destroyed with active lock - releasing lock
2025-11-14 19:20:45,854 - INFO - [LOCK RELEASED] Rating unlocked (userId=676, movieId=201)
2025-11-14 19:20:45,856 - WARNING - [POPUP 3] Dialog destroyed without commit - releasing lock
2025-11-14 19:20:45,856 - INFO - [LOCK RELEASED] Rating unlocked (userId=676, movieId=201)
2025-11-14 19:20:46,488 - INFO - [MAIN] Opening Rating Management - THREE POPUP SEQUENCE
2025-11-14 19:20:46,489 - INFO - [MAIN] POPUP 1: Action Selection
2025-11-14 19:20:46,497 - INFO - [POPUP 1] Action Selection Dialog opened for keetian
2025-11-14 19:20:48,426 - INFO - [POPUP 1] Action selected: view
2025-11-14 19:20:48,445 - INFO - [MAIN] POPUP 1 Result: view
2025-11-14 19:20:48,445 - INFO - [MAIN] POPUP VIEW: Showing all ratings
2025-11-14 19:20:48,454 - INFO - [POPUP VIEW] View Ratings Dialog opened for keetian
2025-11-14 19:21:08,325 - INFO - [MAIN] Opening Rating Management - THREE POPUP SEQUENCE
2025-11-14 19:21:08,325 - INFO - [MAIN] POPUP 1: Action Selection
2025-11-14 19:21:08,339 - INFO - [POPUP 1] Action Selection Dialog opened for johntan
2025-11-14 19:21:09,314 - INFO - [POPUP 1] Action selected: add
2025-11-14 19:21:09,331 - INFO - [MAIN] POPUP 1 Result: add
2025-11-14 19:21:09,332 - INFO - [MAIN] POPUP 2: Movie Selection for action=add
2025-11-14 19:21:09,342 - INFO - [POPUP 2] Movie Selection Dialog opened for johntan, action=add
2025-11-14 19:21:11,329 - INFO - [POPUP 2] Acquiring lock for userId=677, movieId=201
2025-11-14 19:21:11,329 - INFO - [LOCK ACQUIRED] User 'johntan' locked rating (userId=677, movieId=201)
2025-11-14 19:21:11,332 - INFO - [POPUP 2] ✅ Lock ACQUIRED: userId=677, movieId=201
2025-11-14 19:21:12,663 - INFO - [MAIN] POPUP 2 Result: movie_id=201, lock=True
2025-11-14 19:21:12,663 - INFO - [MAIN] POPUP 3: Rating Entry for movieId=201
2025-11-14 19:21:12,693 - INFO - [POPUP 3] Rating Entry Dialog opened for johntan, movieId=201
2025-11-14 19:21:14,494 - INFO - [POPUP 3] Executing transaction: userId=677, movieId=201, rating=5.0
2025-11-14 19:21:14,519 - INFO - [TRANSACTION BEGIN] Updating rating for userId=677, movieId=201
2025-11-14 19:21:14,520 - INFO - [TRANSACTION] Deleted 1 old rating(s)
2025-11-14 19:21:14,521 - INFO - [TRANSACTION] Inserted new rating: 5.0
2025-11-14 19:21:14,521 - INFO - [TRANSACTION] Verification passed: rating=5.0
2025-11-14 19:21:14,523 - INFO - [TRANSACTION COMMIT] Rating update successful
2025-11-14 19:21:14,524 - INFO - [POPUP 3] ✅ Transaction COMMITTED successfully
2025-11-14 19:21:14,524 - INFO - [LOCK RELEASED] Rating unlocked (userId=677, movieId=201)
2025-11-14 19:21:14,535 - INFO - [POPUP 3] ✅ Lock RELEASED: movieId=201
2025-11-14 19:21:16,100 - INFO - [MAIN] POPUP 3 Result: success=True, rating=5.0
2025-11-14 19:21:17,138 - INFO - [MAIN] THREE POPUP SEQUENCE COMPLETE
2025-11-14 19:21:17,138 - WARNING - [POPUP 2] Dialog destroyed with active lock - releasing lock
2025-11-14 19:21:17,138 - INFO - [LOCK RELEASED] Rating unlocked (userId=677, movieId=201)
2025-11-14 19:21:19,067 - INFO - [MAIN] Opening Rating Management - THREE POPUP SEQUENCE
2025-11-14 19:21:19,067 - INFO - [MAIN] POPUP 1: Action Selection
2025-11-14 19:21:19,082 - INFO - [POPUP 1] Action Selection Dialog opened for johntan
2025-11-14 19:21:20,076 - INFO - [POPUP 1] Action selected: add
2025-11-14 19:21:20,101 - INFO - [MAIN] POPUP 1 Result: add
2025-11-14 19:21:20,101 - INFO - [MAIN] POPUP 2: Movie Selection for action=add
2025-11-14 19:21:20,109 - INFO - [POPUP 2] Movie Selection Dialog opened for johntan, action=add
2025-11-14 19:21:22,494 - INFO - [POPUP 2] Acquiring lock for userId=677, movieId=201
2025-11-14 19:21:22,495 - INFO - [LOCK ACQUIRED] User 'johntan' locked rating (userId=677, movieId=201)
2025-11-14 19:21:22,500 - INFO - [POPUP 2] ✅ Lock ACQUIRED: userId=677, movieId=201
2025-11-14 19:21:31,003 - INFO - [MAIN] POPUP 2 Result: movie_id=201, lock=True
2025-11-14 19:21:31,003 - INFO - [MAIN] POPUP 3: Rating Entry for movieId=201
2025-11-14 19:21:31,033 - INFO - [POPUP 3] Rating Entry Dialog opened for johntan, movieId=201
2025-11-14 19:21:31,876 - INFO - [POPUP 3] User cancelled - releasing lock
2025-11-14 19:21:31,876 - INFO - [LOCK RELEASED] Rating unlocked (userId=677, movieId=201)
2025-11-14 19:21:31,919 - INFO - [MAIN] POPUP 3 Result: success=False, rating=None
2025-11-14 19:21:31,919 - INFO - [MAIN] THREE POPUP SEQUENCE COMPLETE
2025-11-14 19:21:31,919 - WARNING - [POPUP 2] Dialog destroyed with active lock - releasing lock
2025-11-14 19:21:31,919 - INFO - [LOCK RELEASED] Rating unlocked (userId=677, movieId=201)
2025-11-14 19:21:31,920 - WARNING - [POPUP 3] Dialog destroyed without commit - releasing lock
2025-11-14 19:21:31,920 - INFO - [LOCK RELEASED] Rating unlocked (userId=677, movieId=201)
2025-11-14 19:21:32,577 - INFO - [MAIN] Opening Rating Management - THREE POPUP SEQUENCE
2025-11-14 19:21:32,577 - INFO - [MAIN] POPUP 1: Action Selection
2025-11-14 19:21:32,590 - INFO - [POPUP 1] Action Selection Dialog opened for johntan
2025-11-14 19:21:33,499 - INFO - [POPUP 1] Action selected: view
2025-11-14 19:21:33,523 - INFO - [MAIN] POPUP 1 Result: view
2025-11-14 19:21:33,523 - INFO - [MAIN] POPUP VIEW: Showing all ratings
2025-11-14 19:21:33,533 - INFO - [POPUP VIEW] View Ratings Dialog opened for johntan
2025-11-14 19:22:06,862 - INFO - [MAIN] Opening Rating Management - THREE POPUP SEQUENCE
2025-11-14 19:22:06,863 - INFO - [MAIN] POPUP 1: Action Selection
2025-11-14 19:22:06,876 - INFO - [POPUP 1] Action Selection Dialog opened for alan
2025-11-14 19:22:07,751 - INFO - [POPUP 1] Action selected: add
2025-11-14 19:22:07,775 - INFO - [MAIN] POPUP 1 Result: add
2025-11-14 19:22:07,775 - INFO - [MAIN] POPUP 2: Movie Selection for action=add
2025-11-14 19:22:07,784 - INFO - [POPUP 2] Movie Selection Dialog opened for alan, action=add
2025-11-14 19:22:09,774 - INFO - [POPUP 2] Acquiring lock for userId=678, movieId=201
2025-11-14 19:22:09,774 - INFO - [LOCK ACQUIRED] User 'alan' locked rating (userId=678, movieId=201)
2025-11-14 19:22:09,777 - INFO - [POPUP 2] ✅ Lock ACQUIRED: userId=678, movieId=201
2025-11-14 19:22:10,712 - INFO - [MAIN] POPUP 2 Result: movie_id=201, lock=True
2025-11-14 19:22:10,712 - INFO - [MAIN] POPUP 3: Rating Entry for movieId=201
2025-11-14 19:22:10,721 - INFO - [POPUP 3] Rating Entry Dialog opened for alan, movieId=201
2025-11-14 19:22:13,778 - INFO - [POPUP 3] Executing transaction: userId=678, movieId=201, rating=5.0
2025-11-14 19:22:13,796 - INFO - [TRANSACTION BEGIN] Updating rating for userId=678, movieId=201
2025-11-14 19:22:13,797 - INFO - [TRANSACTION] Deleted 0 old rating(s)
2025-11-14 19:22:13,797 - INFO - [TRANSACTION] Inserted new rating: 5.0
2025-11-14 19:22:13,798 - INFO - [TRANSACTION] Verification passed: rating=5.0
2025-11-14 19:22:13,799 - INFO - [TRANSACTION COMMIT] Rating update successful
2025-11-14 19:22:13,799 - INFO - [POPUP 3] ✅ Transaction COMMITTED successfully
2025-11-14 19:22:13,799 - INFO - [LOCK RELEASED] Rating unlocked (userId=678, movieId=201)
2025-11-14 19:22:13,812 - INFO - [POPUP 3] ✅ Lock RELEASED: movieId=201
2025-11-14 19:22:14,833 - INFO - [MAIN] POPUP 3 Result: success=True, rating=5.0
2025-11-14 19:22:15,719 - INFO - [MAIN] THREE POPUP SEQUENCE COMPLETE
2025-11-14 19:22:15,719 - WARNING - [POPUP 2] Dialog destroyed with active lock - releasing lock
2025-11-14 19:22:15,719 - INFO - [LOCK RELEASED] Rating unlocked (userId=678, movieId=201)
2025-11-14 19:22:17,107 - INFO - [MAIN] Opening Rating Management - THREE POPUP SEQUENCE
2025-11-14 19:22:17,108 - INFO - [MAIN] POPUP 1: Action Selection
2025-11-14 19:22:17,120 - INFO - [POPUP 1] Action Selection Dialog opened for alan
2025-11-14 19:22:18,837 - INFO - [POPUP 1] Action selected: add
2025-11-14 19:22:18,866 - INFO - [MAIN] POPUP 1 Result: add
2025-11-14 19:22:18,866 - INFO - [MAIN] POPUP 2: Movie Selection for action=add
2025-11-14 19:22:18,883 - INFO - [POPUP 2] Movie Selection Dialog opened for alan, action=add
2025-11-14 19:22:19,719 - INFO - [POPUP 2] Movie selection cancelled
2025-11-14 19:22:19,740 - INFO - [MAIN] POPUP 2 Result: movie_id=None, lock=False
2025-11-14 19:22:19,740 - INFO - [MAIN] User cancelled at movie selection or lock failed
2025-11-14 19:22:20,500 - INFO - [MAIN] Opening Rating Management - THREE POPUP SEQUENCE
2025-11-14 19:22:20,500 - INFO - [MAIN] POPUP 1: Action Selection
2025-11-14 19:22:20,509 - INFO - [POPUP 1] Action Selection Dialog opened for alan
2025-11-14 19:22:21,612 - INFO - [POPUP 1] Action selected: view
2025-11-14 19:22:21,662 - INFO - [MAIN] POPUP 1 Result: view
2025-11-14 19:22:21,662 - INFO - [MAIN] POPUP VIEW: Showing all ratings
2025-11-14 19:22:21,689 - INFO - [POPUP VIEW] View Ratings Dialog opened for alan
2025-11-14 19:22:29,854 - INFO - [MAIN] Opening Rating Management - THREE POPUP SEQUENCE
2025-11-14 19:22:29,855 - INFO - [MAIN] POPUP 1: Action Selection
2025-11-14 19:22:29,867 - INFO - [POPUP 1] Action Selection Dialog opened for alan
2025-11-14 19:22:32,000 - INFO - [POPUP 1] Action selected: delete
2025-11-14 19:22:32,024 - INFO - [MAIN] POPUP 1 Result: delete
2025-11-14 19:22:32,024 - INFO - [MAIN] POPUP 2: Movie Selection for action=delete
2025-11-14 19:22:32,033 - INFO - [POPUP 2] Movie Selection Dialog opened for alan, action=delete
2025-11-14 19:22:34,036 - INFO - [POPUP 2] Acquiring lock for userId=678, movieId=201
2025-11-14 19:22:34,036 - INFO - [LOCK ACQUIRED] User 'alan' locked rating (userId=678, movieId=201)
2025-11-14 19:22:34,052 - INFO - [POPUP 2] ✅ Lock ACQUIRED: userId=678, movieId=201
2025-11-14 19:22:35,845 - INFO - [MAIN] POPUP 2 Result: movie_id=201, lock=True
2025-11-14 19:22:35,845 - INFO - [MAIN] POPUP 3: Delete Confirmation for movieId=201
2025-11-14 19:22:35,852 - INFO - [POPUP 3 DELETE] Delete Confirm Dialog opened for alan, movieId=201
2025-11-14 19:22:37,763 - INFO - [POPUP 3 DELETE] Executing DELETE transaction: userId=678, movieId=201
2025-11-14 19:22:37,788 - INFO - [POPUP 3 DELETE] Transaction COMMITTED - Rating deleted
2025-11-14 19:22:37,788 - INFO - [LOCK RELEASED] Rating unlocked (userId=678, movieId=201)
2025-11-14 19:22:37,790 - INFO - [POPUP 3 DELETE] Lock RELEASED: movieId=201
2025-11-14 19:22:38,663 - INFO - [MAIN] POPUP 3 DELETE Result: success=True
2025-11-14 19:22:39,718 - INFO - [MAIN] THREE POPUP SEQUENCE COMPLETE
2025-11-14 19:22:39,718 - WARNING - [POPUP 2] Dialog destroyed with active lock - releasing lock
2025-11-14 19:22:39,718 - INFO - [LOCK RELEASED] Rating unlocked (userId=678, movieId=201)
2025-11-14 19:22:49,294 - INFO - [MAIN] Opening Rating Management - THREE POPUP SEQUENCE
2025-11-14 19:22:49,294 - INFO - [MAIN] POPUP 1: Action Selection
2025-11-14 19:22:49,307 - INFO - [POPUP 1] Action Selection Dialog opened for alan
2025-11-14 19:22:50,894 - INFO - [POPUP 1] Action selected: add
2025-11-14 19:22:50,919 - INFO - [MAIN] POPUP 1 Result: add
2025-11-14 19:22:50,919 - INFO - [MAIN] POPUP 2: Movie Selection for action=add
2025-11-14 19:22:50,929 - INFO - [POPUP 2] Movie Selection Dialog opened for alan, action=add
2025-11-14 19:22:54,180 - INFO - [POPUP 2] Acquiring lock for userId=678, movieId=201
2025-11-14 19:22:54,180 - INFO - [LOCK ACQUIRED] User 'alan' locked rating (userId=678, movieId=201)
2025-11-14 19:22:54,208 - INFO - [POPUP 2] ✅ Lock ACQUIRED: userId=678, movieId=201
2025-11-14 19:22:55,208 - INFO - [MAIN] POPUP 2 Result: movie_id=201, lock=True
2025-11-14 19:22:55,208 - INFO - [MAIN] POPUP 3: Rating Entry for movieId=201
2025-11-14 19:22:55,243 - INFO - [POPUP 3] Rating Entry Dialog opened for alan, movieId=201
2025-11-14 19:22:58,468 - INFO - [POPUP 3] Executing transaction: userId=678, movieId=201, rating=5.0
2025-11-14 19:22:58,489 - INFO - [TRANSACTION BEGIN] Updating rating for userId=678, movieId=201
2025-11-14 19:22:58,489 - INFO - [TRANSACTION] Deleted 0 old rating(s)
2025-11-14 19:22:58,489 - INFO - [TRANSACTION] Inserted new rating: 5.0
2025-11-14 19:22:58,490 - INFO - [TRANSACTION] Verification passed: rating=5.0
2025-11-14 19:22:58,492 - INFO - [TRANSACTION COMMIT] Rating update successful
2025-11-14 19:22:58,492 - INFO - [POPUP 3] ✅ Transaction COMMITTED successfully
2025-11-14 19:22:58,492 - INFO - [LOCK RELEASED] Rating unlocked (userId=678, movieId=201)
2025-11-14 19:22:58,505 - INFO - [POPUP 3] ✅ Lock RELEASED: movieId=201
2025-11-14 19:22:59,528 - INFO - [MAIN] POPUP 3 Result: success=True, rating=5.0
2025-11-14 19:23:00,363 - INFO - [MAIN] THREE POPUP SEQUENCE COMPLETE
2025-11-14 19:23:00,363 - WARNING - [POPUP 2] Dialog destroyed with active lock - releasing lock
2025-11-14 19:23:00,363 - INFO - [LOCK RELEASED] Rating unlocked (userId=678, movieId=201)
2025-11-14 19:23:01,067 - INFO - [MAIN] Opening Rating Management - THREE POPUP SEQUENCE
2025-11-14 19:23:01,067 - INFO - [MAIN] POPUP 1: Action Selection
2025-11-14 19:23:01,081 - INFO - [POPUP 1] Action Selection Dialog opened for alan
2025-11-14 19:23:02,447 - INFO - [POPUP 1] Action selected: view
2025-11-14 19:23:02,473 - INFO - [MAIN] POPUP 1 Result: view
2025-11-14 19:23:02,473 - INFO - [MAIN] POPUP VIEW: Showing all ratings
2025-11-14 19:23:02,483 - INFO - [POPUP VIEW] View Ratings Dialog opened for alan
2025-11-14 19:23:09,567 - ERROR - Failed to delete user 678: (1048, "Column 'userId' cannot be null")
2025-11-14 19:23:33,201 - ERROR - Failed to delete user 678: (1048, "Column 'userId' cannot be null")
2025-11-14 19:31:49,991 - INFO - Successfully connected to MongoDB Atlas: cluster0.qrc4kkf.mongodb.net
2025-11-14 19:31:49,992 - INFO - Using database: movies_nosql, collection: tmdb_movies
2025-11-14 19:32:35,562 - INFO - Set userId to NULL for user 678's ratings (preserving data)
2025-11-14 19:32:35,562 - INFO - Deleted watchlist entries for user 678
2025-11-14 19:32:35,563 - INFO - Deleted rating locks for user 678
2025-11-14 19:32:35,563 - INFO - Deleted user 678 (ratings preserved with NULL userId)
2025-11-14 19:32:44,204 - INFO - Successfully connected to MongoDB Atlas: cluster0.qrc4kkf.mongodb.net
2025-11-14 19:32:44,205 - INFO - Using database: movies_nosql, collection: tmdb_movies
2025-11-14 19:41:20,971 - INFO - Successfully connected to MongoDB Atlas: cluster0.qrc4kkf.mongodb.net
2025-11-14 19:41:20,971 - INFO - Using database: movies_nosql, collection: tmdb_movies
2025-11-14 19:42:08,845 - INFO - [MAIN] Opening Rating Management - THREE POPUP SEQUENCE
2025-11-14 19:42:08,845 - INFO - [MAIN] POPUP 1: Action Selection
2025-11-14 19:42:08,856 - INFO - [POPUP 1] Action Selection Dialog opened for keetian
2025-11-14 19:42:09,787 - INFO - [POPUP 1] Action selected: add
2025-11-14 19:42:09,802 - INFO - [MAIN] POPUP 1 Result: add
2025-11-14 19:42:09,802 - INFO - [MAIN] POPUP 2: Movie Selection for action=add
2025-11-14 19:42:09,821 - INFO - [POPUP 2] Movie Selection Dialog opened for keetian, action=add
2025-11-14 19:42:12,730 - INFO - [POPUP 2] Acquiring lock for userId=676, movieId=201
2025-11-14 19:42:12,730 - INFO - [LOCK ACQUIRED] User 'keetian' locked rating (userId=676, movieId=201)
2025-11-14 19:42:12,748 - INFO - [POPUP 2] ✅ Lock ACQUIRED: userId=676, movieId=201
2025-11-14 19:42:13,921 - INFO - [MAIN] POPUP 2 Result: movie_id=201, lock=True
2025-11-14 19:42:13,922 - INFO - [MAIN] POPUP 3: Rating Entry for movieId=201
2025-11-14 19:42:13,971 - INFO - [POPUP 3] Rating Entry Dialog opened for keetian, movieId=201
2025-11-28 00:36:23,720 - INFO - Successfully connected to MongoDB Atlas: cluster0.qrc4kkf.mongodb.net
2025-11-28 00:36:23,720 - INFO - Using database: movies_nosql, collection: tmdb_movies
2025-11-27 16:58:03,334 - INFO - Successfully connected to MongoDB Atlas: cluster0.qrc4kkf.mongodb.net
2025-11-27 16:58:03,336 - INFO - Using database: movies_nosql, collection: tmdb_movies
2025-11-27 16:58:05,857 - INFO - Successfully connected to MongoDB Atlas: cluster0.qrc4kkf.mongodb.net
2025-11-27 16:58:05,863 - INFO - Using database: movies_nosql, collection: tmdb_movies
2025-11-27 16:58:07,972 - INFO - Successfully connected to MongoDB Atlas: cluster0.qrc4kkf.mongodb.net
2025-11-27 16:58:07,974 - INFO - Using database: movies_nosql, collection: tmdb_movies
2025-11-27 16:58:09,962 - INFO - Successfully connected to MongoDB Atlas: cluster0.qrc4kkf.mongodb.net
2025-11-27 16:58:09,964 - INFO - Using database: movies_nosql, collection: tmdb_movies
2025-11-27 16:58:12,601 - INFO - Successfully connected to MongoDB Atlas: cluster0.qrc4kkf.mongodb.net
2025-11-27 16:58:12,603 - INFO - Using database: movies_nosql, collection: tmdb_movies
2025-11-27 16:58:16,000 - INFO - Successfully connected to MongoDB Atlas: cluster0.qrc4kkf.mongodb.net
2025-11-27 16:58:16,002 - INFO - Using database: movies_nosql, collection: tmdb_movies
2025-11-27 16:58:20,714 - INFO - Successfully connected to MongoDB Atlas: cluster0.qrc4kkf.mongodb.net
2025-11-27 16:58:20,716 - INFO - Using database: movies_nosql, collection: tmdb_movies
2025-11-27 16:58:28,534 - INFO - Successfully connected to MongoDB Atlas: cluster0.qrc4kkf.mongodb.net
2025-11-27 16:58:28,536 - INFO - Using database: movies_nosql, collection: tmdb_movies
2025-11-27 16:58:43,483 - INFO - Successfully connected to MongoDB Atlas: cluster0.qrc4kkf.mongodb.net
2025-11-27 16:58:43,485 - INFO - Using database: movies_nosql, collection: tmdb_movies
2025-11-28 01:02:27,172 - INFO - Successfully connected to MongoDB Atlas: cluster0.qrc4kkf.mongodb.net
2025-11-28 01:02:27,173 - INFO - Using database: movies_nosql, collection: tmdb_movies
2025-11-28 01:04:29,238 - INFO - Successfully connected to MongoDB Atlas: cluster0.qrc4kkf.mongodb.net
2025-11-28 01:04:29,239 - INFO - Using database: movies_nosql, collection: tmdb_movies
2025-11-28 01:05:00,853 - WARNING - WATCHLIST table doesn't exist: (1146, "Table 'movies_db.watchlist' doesn't exist")
